This is LuaHBTeX, Version 1.22.0 (MiKTeX 25.4) (format=lualatex 2025.9.14)  3 NOV 2025 18:15
 restricted system commands enabled.
**lecture12
(./lecture12.tex
LaTeX2e <2025-06-01> patch level 1
L3 programming layer <2025-08-13>
Lua module: luaotfload 2024-12-03 v3.29 Lua based OpenType font support
Lua module: lualibs 2023-07-13 v2.76 ConTeXt Lua standard libraries.
Lua module: lualibs-extended 2023-07-13 v2.76 ConTeXt Lua libraries -- extended 
collection.
luaotfload | conf : Root cache directory is "C:/Users/gener/AppData/Local/MiKTeX
/luatex-cache/generic/names".
luaotfload | init : Loading fontloader "fontloader-2023-12-28.lua" from kpse-res
olved path "C:/Users/gener/AppData/Local/Programs/MiKTeX/tex/luatex/luaotfload/f
ontloader-2023-12-28.lua".
Lua-only attribute luaotfload@noligature = 1
luaotfload | init : Context OpenType loader version 3.134
Inserting `luaotfload.node_processor' in `pre_linebreak_filter'.
Inserting `luaotfload.node_processor' in `hpack_filter'.
Inserting `luaotfload.glyph_stream' in `glyph_stream_provider'.
Inserting `luaotfload.define_font' in `define_font'.
Lua-only attribute luaotfload_color_attribute = 2
luaotfload | conf : Root cache directory is "C:/Users/gener/AppData/Local/MiKTeX
/luatex-cache/generic/names".
Inserting `luaotfload.harf.strip_prefix' in `find_opentype_file'.
Inserting `luaotfload.harf.strip_prefix' in `find_truetype_file'.
Removing  `luaotfload.glyph_stream' from `glyph_stream_provider'.
Inserting `luaotfload.harf.glyphstream' in `glyph_stream_provider'.
Inserting `luaotfload.harf.finalize_vlist' in `post_linebreak_filter'.
Inserting `luaotfload.harf.finalize_hlist' in `hpack_filter'.
Inserting `luaotfload.cleanup_files' in `wrapup_run'.
Inserting `luaotfload.harf.finalize_unicode' in `finish_pdffile'.
Inserting `luaotfload.glyphinfo' in `glyph_info'.
Lua-only attribute luaotfload.letterspace_done = 3
Inserting `luaotfload.aux.set_sscale_dimens' in `luaotfload.patch_font'.
Inserting `luaotfload.aux.set_font_index' in `luaotfload.patch_font'.
Inserting `luaotfload.aux.patch_cambria_domh' in `luaotfload.patch_font'.
Inserting `luaotfload.aux.fixup_fontdata' in `luaotfload.patch_font_unsafe'.
Inserting `luaotfload.aux.set_capheight' in `luaotfload.patch_font'.
Inserting `luaotfload.aux.set_xheight' in `luaotfload.patch_font'.
Inserting `luaotfload.rewrite_fontname' in `luaotfload.patch_font'.
Inserting `tracingstacklevels' in `input_level_string'. (C:/Users/gener/AppData
/Local/Programs/MiKTeX/tex/latex/beamer/beamer.cls
Document Class: beamer 2025/08/13 v3.76 A class for typesetting presentations

(C:/Users/gener/AppData/Local/Programs/MiKTeX/tex/latex/beamer/beamerbasemodes.
sty
(C:/Users/gener/AppData/Local/Programs/MiKTeX/tex/latex/etoolbox/etoolbox.sty
Package: etoolbox 2025/02/11 v2.5l e-TeX tools for LaTeX (JAW)
\etb@tempcnta=\count273
)
\beamer@tempbox=\box53
\beamer@tempcount=\count274
\c@beamerpauses=\count275

(C:/Users/gener/AppData/Local/Programs/MiKTeX/tex/latex/beamer/beamerbasedecode
.sty
\beamer@slideinframe=\count276
\beamer@minimum=\count277
\beamer@decode@box=\box54
)
\beamer@commentbox=\box55
\beamer@modecount=\count278
)
(C:/Users/gener/AppData/Local/Programs/MiKTeX/tex/generic/iftex/iftex.sty
Package: iftex 2024/12/12 v1.0g TeX engine tests
)
\headdp=\dimen147
\footheight=\dimen148
\sidebarheight=\dimen149
\beamer@tempdim=\dimen150
\beamer@finalheight=\dimen151
\beamer@animht=\dimen152
\beamer@animdp=\dimen153
\beamer@animwd=\dimen154
\beamer@leftmargin=\dimen155
\beamer@rightmargin=\dimen156
\beamer@leftsidebar=\dimen157
\beamer@rightsidebar=\dimen158
\beamer@boxsize=\dimen159
\beamer@vboxoffset=\dimen160
\beamer@descdefault=\dimen161
\beamer@descriptionwidth=\dimen162
\beamer@lastskip=\skip49
\beamer@areabox=\box56
\beamer@animcurrent=\box57
\beamer@animshowbox=\box58
\beamer@sectionbox=\box59
\beamer@logobox=\box60
\beamer@linebox=\box61
\beamer@sectioncount=\count279
\beamer@subsubsectionmax=\count280
\beamer@subsectionmax=\count281
\beamer@sectionmax=\count282
\beamer@totalheads=\count283
\beamer@headcounter=\count284
\beamer@partstartpage=\count285
\beamer@sectionstartpage=\count286
\beamer@subsectionstartpage=\count287
\beamer@animationtempa=\count288
\beamer@animationtempb=\count289
\beamer@xpos=\count290
\beamer@ypos=\count291
\beamer@ypos@offset=\count292
\beamer@showpartnumber=\count293
\beamer@currentsubsection=\count294
\beamer@coveringdepth=\count295
\beamer@sectionadjust=\count296
\beamer@toclastsection=\count297
\beamer@tocsectionnumber=\count298

(C:/Users/gener/AppData/Local/Programs/MiKTeX/tex/latex/beamer/beamerbaseoption
s.sty
(C:/Users/gener/AppData/Local/Programs/MiKTeX/tex/latex/graphics/keyval.sty
Package: keyval 2022/05/29 v1.15 key=value parser (DPC)
\KV@toks@=\toks17
))
\beamer@paperwidth=\skip50
\beamer@paperheight=\skip51

(C:/Users/gener/AppData/Local/Programs/MiKTeX/tex/latex/geometry/geometry.sty
Package: geometry 2020/01/02 v5.9 Page Geometry

(C:/Users/gener/AppData/Local/Programs/MiKTeX/tex/generic/iftex/ifvtex.sty
Package: ifvtex 2019/10/25 v1.7 ifvtex legacy package. Use iftex instead.
)
\Gm@cnth=\count299
\Gm@cntv=\count300
\c@Gm@tempcnt=\count301
\Gm@bindingoffset=\dimen163
\Gm@wd@mp=\dimen164
\Gm@odd@mp=\dimen165
\Gm@even@mp=\dimen166
\Gm@layoutwidth=\dimen167
\Gm@layoutheight=\dimen168
\Gm@layouthoffset=\dimen169
\Gm@layoutvoffset=\dimen170
\Gm@dimlist=\toks18

(C:/Users/gener/AppData/Local/Programs/MiKTeX/tex/latex/geometry/geometry.cfg)) (C:/Users/gener/AppData/Local/Programs/MiKTeX/tex/latex/pgf/math/pgfmath.sty
(C:/Users/gener/AppData/Local/Programs/MiKTeX/tex/latex/pgf/utilities/pgfrcs.st
y
(C:/Users/gener/AppData/Local/Programs/MiKTeX/tex/generic/pgf/utilities/pgfutil
-common.tex
\pgfutil@everybye=\toks19
\pgfutil@tempdima=\dimen171
\pgfutil@tempdimb=\dimen172
)
(C:/Users/gener/AppData/Local/Programs/MiKTeX/tex/generic/pgf/utilities/pgfutil
-latex.def
\pgfutil@abb=\box62
)
(C:/Users/gener/AppData/Local/Programs/MiKTeX/tex/generic/pgf/utilities/pgfrcs.
code.tex
(C:/Users/gener/AppData/Local/Programs/MiKTeX/tex/generic/pgf/pgf.revision.tex)
Package: pgfrcs 2025-08-29 v3.1.11a (3.1.11a)
))
(C:/Users/gener/AppData/Local/Programs/MiKTeX/tex/latex/pgf/utilities/pgfkeys.s
ty
(C:/Users/gener/AppData/Local/Programs/MiKTeX/tex/generic/pgf/utilities/pgfkeys
.code.tex
\pgfkeys@pathtoks=\toks20
\pgfkeys@temptoks=\toks21

(C:/Users/gener/AppData/Local/Programs/MiKTeX/tex/generic/pgf/utilities/pgfkeys
libraryfiltered.code.tex
\pgfkeys@tmptoks=\toks22
)))
(C:/Users/gener/AppData/Local/Programs/MiKTeX/tex/generic/pgf/math/pgfmath.code
.tex
(C:/Users/gener/AppData/Local/Programs/MiKTeX/tex/generic/pgf/math/pgfmathutil.
code.tex
\pgf@x=\dimen173
\pgf@xa=\dimen174
\pgf@xb=\dimen175
\pgf@xc=\dimen176
\pgf@y=\dimen177
\pgf@ya=\dimen178
\pgf@yb=\dimen179
\pgf@yc=\dimen180
\c@pgf@counta=\count302
\c@pgf@countb=\count303
\c@pgf@countc=\count304
\c@pgf@countd=\count305
)
(C:/Users/gener/AppData/Local/Programs/MiKTeX/tex/generic/pgf/math/pgfmathparse
r.code.tex
\pgfmath@dimen=\dimen181
\pgfmath@count=\count306
\pgfmath@box=\box63
\pgfmath@toks=\toks23
\pgfmath@stack@operand=\toks24
\pgfmath@stack@operation=\toks25
)
(C:/Users/gener/AppData/Local/Programs/MiKTeX/tex/generic/pgf/math/pgfmathfunct
ions.code.tex)
(C:/Users/gener/AppData/Local/Programs/MiKTeX/tex/generic/pgf/math/pgfmathfunct
ions.basic.code.tex)
(C:/Users/gener/AppData/Local/Programs/MiKTeX/tex/generic/pgf/math/pgfmathfunct
ions.trigonometric.code.tex)
(C:/Users/gener/AppData/Local/Programs/MiKTeX/tex/generic/pgf/math/pgfmathfunct
ions.random.code.tex)
(C:/Users/gener/AppData/Local/Programs/MiKTeX/tex/generic/pgf/math/pgfmathfunct
ions.comparison.code.tex)
(C:/Users/gener/AppData/Local/Programs/MiKTeX/tex/generic/pgf/math/pgfmathfunct
ions.base.code.tex)
(C:/Users/gener/AppData/Local/Programs/MiKTeX/tex/generic/pgf/math/pgfmathfunct
ions.round.code.tex)
(C:/Users/gener/AppData/Local/Programs/MiKTeX/tex/generic/pgf/math/pgfmathfunct
ions.misc.code.tex)
(C:/Users/gener/AppData/Local/Programs/MiKTeX/tex/generic/pgf/math/pgfmathfunct
ions.integerarithmetics.code.tex)
(C:/Users/gener/AppData/Local/Programs/MiKTeX/tex/generic/pgf/math/pgfmathcalc.
code.tex)
(C:/Users/gener/AppData/Local/Programs/MiKTeX/tex/generic/pgf/math/pgfmathfloat
.code.tex
\c@pgfmathroundto@lastzeros=\count307
)))
(C:/Users/gener/AppData/Local/Programs/MiKTeX/tex/latex/base/size11.clo
File: size11.clo 2025/01/22 v1.4n Standard LaTeX file (size option)
luaotfload | db : Font names database loaded from C:/Users/gener/AppData/Local/M
iKTeX/luatex-cache/generic/names/luaotfload-names.luc.gz)
(C:/Users/gener/AppData/Local/Programs/MiKTeX/tex/latex/pgf/basiclayer/pgfcore.
sty
(C:/Users/gener/AppData/Local/Programs/MiKTeX/tex/latex/graphics/graphicx.sty
Package: graphicx 2024/12/31 v1.2e Enhanced LaTeX Graphics (DPC,SPQR)

(C:/Users/gener/AppData/Local/Programs/MiKTeX/tex/latex/graphics/graphics.sty
Package: graphics 2024/08/06 v1.4g Standard LaTeX Graphics (DPC,SPQR)

(C:/Users/gener/AppData/Local/Programs/MiKTeX/tex/latex/graphics/trig.sty
Package: trig 2023/12/02 v1.11 sin cos tan (DPC)
)
(C:/Users/gener/AppData/Local/Programs/MiKTeX/tex/latex/graphics-cfg/graphics.c
fg
File: graphics.cfg 2016/06/04 v1.11 sample graphics configuration
)
Package graphics Info: Driver file: luatex.def on input line 106.

(C:/Users/gener/AppData/Local/Programs/MiKTeX/tex/latex/graphics-def/luatex.def
File: luatex.def 2024/04/13 v1.2e Graphics/color driver for luatex
))
\Gin@req@height=\dimen182
\Gin@req@width=\dimen183
)
(C:/Users/gener/AppData/Local/Programs/MiKTeX/tex/latex/pgf/systemlayer/pgfsys.
sty
(C:/Users/gener/AppData/Local/Programs/MiKTeX/tex/generic/pgf/systemlayer/pgfsy
s.code.tex
Package: pgfsys 2025-08-29 v3.1.11a (3.1.11a)
\pgf@x=\dimen184
\pgf@y=\dimen185
\pgf@xa=\dimen186
\pgf@ya=\dimen187
\pgf@xb=\dimen188
\pgf@yb=\dimen189
\pgf@xc=\dimen190
\pgf@yc=\dimen191
\pgf@xd=\dimen192
\pgf@yd=\dimen193
\w@pgf@writea=\write3
\r@pgf@reada=\read2
\c@pgf@counta=\count308
\c@pgf@countb=\count309
\c@pgf@countc=\count310
\c@pgf@countd=\count311
\t@pgf@toka=\toks26
\t@pgf@tokb=\toks27
\t@pgf@tokc=\toks28
\pgf@sys@id@count=\count312

(C:/Users/gener/AppData/Local/Programs/MiKTeX/tex/generic/pgf/systemlayer/pgf.c
fg
File: pgf.cfg 2025-08-29 v3.1.11a (3.1.11a)
)
Driver file for pgf: pgfsys-luatex.def

(C:/Users/gener/AppData/Local/Programs/MiKTeX/tex/generic/pgf/systemlayer/pgfsy
s-luatex.def
File: pgfsys-luatex.def 2025-08-29 v3.1.11a (3.1.11a)

(C:/Users/gener/AppData/Local/Programs/MiKTeX/tex/generic/pgf/systemlayer/pgfsy
s-common-pdf.def
File: pgfsys-common-pdf.def 2025-08-29 v3.1.11a (3.1.11a)
)))
(C:/Users/gener/AppData/Local/Programs/MiKTeX/tex/generic/pgf/systemlayer/pgfsy
ssoftpath.code.tex
File: pgfsyssoftpath.code.tex 2025-08-29 v3.1.11a (3.1.11a)
\pgfsyssoftpath@smallbuffer@items=\count313
\pgfsyssoftpath@bigbuffer@items=\count314
)
(C:/Users/gener/AppData/Local/Programs/MiKTeX/tex/generic/pgf/systemlayer/pgfsy
sprotocol.code.tex
File: pgfsysprotocol.code.tex 2025-08-29 v3.1.11a (3.1.11a)
))
(C:/Users/gener/AppData/Local/Programs/MiKTeX/tex/latex/xcolor/xcolor.sty
Package: xcolor 2024/09/29 v3.02 LaTeX color extensions (UK)

(C:/Users/gener/AppData/Local/Programs/MiKTeX/tex/latex/graphics-cfg/color.cfg
File: color.cfg 2016/01/02 v1.6 sample color configuration
)
Package xcolor Info: Driver file: luatex.def on input line 274.
(C:/Users/gener/AppData/Local/Programs/MiKTeX/tex/latex/graphics/mathcolor.ltx)
Package xcolor Info: Model `cmy' substituted by `cmy0' on input line 1349.
Package xcolor Info: Model `hsb' substituted by `rgb' on input line 1353.
Package xcolor Info: Model `RGB' extended on input line 1365.
Package xcolor Info: Model `HTML' substituted by `rgb' on input line 1367.
Package xcolor Info: Model `Hsb' substituted by `hsb' on input line 1368.
Package xcolor Info: Model `tHsb' substituted by `hsb' on input line 1369.
Package xcolor Info: Model `HSB' substituted by `hsb' on input line 1370.
Package xcolor Info: Model `Gray' substituted by `gray' on input line 1371.
Package xcolor Info: Model `wave' substituted by `hsb' on input line 1372.
)
(C:/Users/gener/AppData/Local/Programs/MiKTeX/tex/generic/pgf/basiclayer/pgfcor
e.code.tex
Package: pgfcore 2025-08-29 v3.1.11a (3.1.11a)

(C:/Users/gener/AppData/Local/Programs/MiKTeX/tex/generic/pgf/math/pgfint.code.
tex)
(C:/Users/gener/AppData/Local/Programs/MiKTeX/tex/generic/pgf/basiclayer/pgfcor
epoints.code.tex
File: pgfcorepoints.code.tex 2025-08-29 v3.1.11a (3.1.11a)
\pgf@picminx=\dimen194
\pgf@picmaxx=\dimen195
\pgf@picminy=\dimen196
\pgf@picmaxy=\dimen197
\pgf@pathminx=\dimen198
\pgf@pathmaxx=\dimen199
\pgf@pathminy=\dimen256
\pgf@pathmaxy=\dimen257
\pgf@xx=\dimen258
\pgf@xy=\dimen259
\pgf@yx=\dimen260
\pgf@yy=\dimen261
\pgf@zx=\dimen262
\pgf@zy=\dimen263
)
(C:/Users/gener/AppData/Local/Programs/MiKTeX/tex/generic/pgf/basiclayer/pgfcor
epathconstruct.code.tex
File: pgfcorepathconstruct.code.tex 2025-08-29 v3.1.11a (3.1.11a)
\pgf@path@lastx=\dimen264
\pgf@path@lasty=\dimen265
)
(C:/Users/gener/AppData/Local/Programs/MiKTeX/tex/generic/pgf/basiclayer/pgfcor
epathusage.code.tex
File: pgfcorepathusage.code.tex 2025-08-29 v3.1.11a (3.1.11a)
\pgf@shorten@end@additional=\dimen266
\pgf@shorten@start@additional=\dimen267
)
(C:/Users/gener/AppData/Local/Programs/MiKTeX/tex/generic/pgf/basiclayer/pgfcor
escopes.code.tex
File: pgfcorescopes.code.tex 2025-08-29 v3.1.11a (3.1.11a)
\pgfpic=\box64
\pgf@hbox=\box65
\pgf@layerbox@main=\box66
\pgf@picture@serial@count=\count315
)
(C:/Users/gener/AppData/Local/Programs/MiKTeX/tex/generic/pgf/basiclayer/pgfcor
egraphicstate.code.tex
File: pgfcoregraphicstate.code.tex 2025-08-29 v3.1.11a (3.1.11a)
\pgflinewidth=\dimen268
)
(C:/Users/gener/AppData/Local/Programs/MiKTeX/tex/generic/pgf/basiclayer/pgfcor
etransformations.code.tex
File: pgfcoretransformations.code.tex 2025-08-29 v3.1.11a (3.1.11a)
\pgf@pt@x=\dimen269
\pgf@pt@y=\dimen270
\pgf@pt@temp=\dimen271
)
(C:/Users/gener/AppData/Local/Programs/MiKTeX/tex/generic/pgf/basiclayer/pgfcor
equick.code.tex
File: pgfcorequick.code.tex 2025-08-29 v3.1.11a (3.1.11a)
)
(C:/Users/gener/AppData/Local/Programs/MiKTeX/tex/generic/pgf/basiclayer/pgfcor
eobjects.code.tex
File: pgfcoreobjects.code.tex 2025-08-29 v3.1.11a (3.1.11a)
)
(C:/Users/gener/AppData/Local/Programs/MiKTeX/tex/generic/pgf/basiclayer/pgfcor
epathprocessing.code.tex
File: pgfcorepathprocessing.code.tex 2025-08-29 v3.1.11a (3.1.11a)
)
(C:/Users/gener/AppData/Local/Programs/MiKTeX/tex/generic/pgf/basiclayer/pgfcor
earrows.code.tex
File: pgfcorearrows.code.tex 2025-08-29 v3.1.11a (3.1.11a)
\pgfarrowsep=\dimen272
)
(C:/Users/gener/AppData/Local/Programs/MiKTeX/tex/generic/pgf/basiclayer/pgfcor
eshade.code.tex
File: pgfcoreshade.code.tex 2025-08-29 v3.1.11a (3.1.11a)
\pgf@max=\dimen273
\pgf@sys@shading@range@num=\count316
\pgf@shadingcount=\count317
)
(C:/Users/gener/AppData/Local/Programs/MiKTeX/tex/generic/pgf/basiclayer/pgfcor
eimage.code.tex
File: pgfcoreimage.code.tex 2025-08-29 v3.1.11a (3.1.11a)
)
(C:/Users/gener/AppData/Local/Programs/MiKTeX/tex/generic/pgf/basiclayer/pgfcor
eexternal.code.tex
File: pgfcoreexternal.code.tex 2025-08-29 v3.1.11a (3.1.11a)
\pgfexternal@startupbox=\box67
)
(C:/Users/gener/AppData/Local/Programs/MiKTeX/tex/generic/pgf/basiclayer/pgfcor
elayers.code.tex
File: pgfcorelayers.code.tex 2025-08-29 v3.1.11a (3.1.11a)
)
(C:/Users/gener/AppData/Local/Programs/MiKTeX/tex/generic/pgf/basiclayer/pgfcor
etransparency.code.tex
File: pgfcoretransparency.code.tex 2025-08-29 v3.1.11a (3.1.11a)
)
(C:/Users/gener/AppData/Local/Programs/MiKTeX/tex/generic/pgf/basiclayer/pgfcor
epatterns.code.tex
File: pgfcorepatterns.code.tex 2025-08-29 v3.1.11a (3.1.11a)
)
(C:/Users/gener/AppData/Local/Programs/MiKTeX/tex/generic/pgf/basiclayer/pgfcor
erdf.code.tex
File: pgfcorerdf.code.tex 2025-08-29 v3.1.11a (3.1.11a)
)))
(C:/Users/gener/AppData/Local/Programs/MiKTeX/tex/latex/pgf/utilities/xxcolor.s
ty
Package: xxcolor 2003/10/24 ver 0.1
\XC@nummixins=\count318
\XC@countmixins=\count319
)
(C:/Users/gener/AppData/Local/Programs/MiKTeX/tex/latex/base/atbegshi-ltx.sty
Package: atbegshi-ltx 2021/01/10 v1.0c Emulation of the original atbegshi
package with kernel methods
)
(C:/Users/gener/AppData/Local/Programs/MiKTeX/tex/latex/hyperref/hyperref.sty
Package: hyperref 2025-07-12 v7.01o Hypertext links for LaTeX

(C:/Users/gener/AppData/Local/Programs/MiKTeX/tex/latex/kvsetkeys/kvsetkeys.sty
Package: kvsetkeys 2022-10-05 v1.19 Key value parser (HO)
)
(C:/Users/gener/AppData/Local/Programs/MiKTeX/tex/generic/kvdefinekeys/kvdefine
keys.sty
Package: kvdefinekeys 2019-12-19 v1.6 Define keys (HO)
)
(C:/Users/gener/AppData/Local/Programs/MiKTeX/tex/generic/pdfescape/pdfescape.s
ty
Package: pdfescape 2019/12/09 v1.15 Implements pdfTeX's escape features (HO)

(C:/Users/gener/AppData/Local/Programs/MiKTeX/tex/generic/ltxcmds/ltxcmds.sty
Package: ltxcmds 2023-12-04 v1.26 LaTeX kernel commands for general use (HO)
)
(C:/Users/gener/AppData/Local/Programs/MiKTeX/tex/generic/pdftexcmds/pdftexcmds
.sty
Package: pdftexcmds 2020-06-27 v0.33 Utility functions of pdfTeX for LuaTeX (HO
)

(C:/Users/gener/AppData/Local/Programs/MiKTeX/tex/generic/infwarerr/infwarerr.s
ty
Package: infwarerr 2019/12/03 v1.5 Providing info/warning/error messages (HO)
)
Package pdftexcmds Info: \pdf@primitive is available.
Package pdftexcmds Info: \pdf@ifprimitive is available.
Package pdftexcmds Info: \pdfdraftmode found.
\pdftexcmds@toks=\toks29
))
(C:/Users/gener/AppData/Local/Programs/MiKTeX/tex/latex/hycolor/hycolor.sty
Package: hycolor 2020-01-27 v1.10 Color options for hyperref/bookmark (HO)
)
(C:/Users/gener/AppData/Local/Programs/MiKTeX/tex/latex/hyperref/nameref.sty
Package: nameref 2025-06-21 v2.57 Cross-referencing by name of section

(C:/Users/gener/AppData/Local/Programs/MiKTeX/tex/latex/refcount/refcount.sty
Package: refcount 2019/12/15 v3.6 Data extraction from label references (HO)
)
(C:/Users/gener/AppData/Local/Programs/MiKTeX/tex/generic/gettitlestring/gettit
lestring.sty
Package: gettitlestring 2019/12/15 v1.6 Cleanup title references (HO)

(C:/Users/gener/AppData/Local/Programs/MiKTeX/tex/latex/kvoptions/kvoptions.sty
Package: kvoptions 2022-06-15 v3.15 Key value format for package options (HO)
))
\c@section@level=\count320
)
(C:/Users/gener/AppData/Local/Programs/MiKTeX/tex/generic/stringenc/stringenc.s
ty
Package: stringenc 2019/11/29 v1.12 Convert strings between diff. encodings (HO
)
)
\@linkdim=\dimen274
\Hy@linkcounter=\count321
\Hy@pagecounter=\count322
 (C:/Users/gener/AppData/Local/Programs/MiKTeX/tex/latex/hyperref/pd1enc.def
File: pd1enc.def 2025-07-12 v7.01o Hyperref: PDFDocEncoding definition (HO)
) (C:/Users/gener/AppData/Local/Programs/MiKTeX/tex/generic/intcalc/intcalc.sty
Package: intcalc 2019/12/15 v1.3 Expandable calculations with integers (HO)
)
\Hy@SavedSpaceFactor=\count323
 (C:/Users/gener/AppData/Local/Programs/MiKTeX/tex/latex/hyperref/puenc.def
File: puenc.def 2025-07-12 v7.01o Hyperref: PDF Unicode definition (HO)
)
Package hyperref Info: Option `bookmarks' set `true' on input line 4066.
Package hyperref Info: Option `bookmarksopen' set `true' on input line 4066.
Package hyperref Info: Option `implicit' set `false' on input line 4066.
Package hyperref Info: Hyper figures OFF on input line 4195.
Package hyperref Info: Link nesting OFF on input line 4200.
Package hyperref Info: Hyper index ON on input line 4203.
Package hyperref Info: Plain pages OFF on input line 4210.
Package hyperref Info: Backreferencing OFF on input line 4215.
Package hyperref Info: Implicit mode OFF; no redefinition of LaTeX internals.
Package hyperref Info: Bookmarks ON on input line 4462.
\c@Hy@tempcnt=\count324

(C:/Users/gener/AppData/Local/Programs/MiKTeX/tex/latex/url/url.sty
\Urlmuskip=\muskip17
Package: url 2013/09/16  ver 3.4  Verb mode for urls, etc.
)
LaTeX Info: Redefining \url on input line 4801.
\XeTeXLinkMargin=\dimen275

(C:/Users/gener/AppData/Local/Programs/MiKTeX/tex/generic/bitset/bitset.sty
Package: bitset 2019/12/09 v1.3 Handle bit-vector datatype (HO)

(C:/Users/gener/AppData/Local/Programs/MiKTeX/tex/generic/bigintcalc/bigintcalc
.sty
Package: bigintcalc 2019/12/15 v1.5 Expandable calculations on big integers (HO
)
))
\Fld@menulength=\count325
\Field@Width=\dimen276
\Fld@charsize=\dimen277
Package hyperref Info: Hyper figures OFF on input line 6078.
Package hyperref Info: Link nesting OFF on input line 6083.
Package hyperref Info: Hyper index ON on input line 6086.
Package hyperref Info: backreferencing OFF on input line 6093.
Package hyperref Info: Link coloring OFF on input line 6098.
Package hyperref Info: Link coloring with OCG OFF on input line 6103.
Package hyperref Info: PDF/A mode OFF on input line 6108.
\Hy@abspage=\count326


Package hyperref Message: Stopped early.

)
Package hyperref Info: Driver (autodetected): hluatex.
 (C:/Users/gener/AppData/Local/Programs/MiKTeX/tex/latex/hyperref/hluatex.def
File: hluatex.def 2025-07-12 v7.01o Hyperref driver for luaTeX
\Fld@listcount=\count327
\c@bookmark@seq@number=\count328

(C:/Users/gener/AppData/Local/Programs/MiKTeX/tex/latex/rerunfilecheck/rerunfil
echeck.sty
Package: rerunfilecheck 2025-06-21 v1.11 Rerun checks for auxiliary files (HO)

(C:/Users/gener/AppData/Local/Programs/MiKTeX/tex/generic/uniquecounter/uniquec
ounter.sty
Package: uniquecounter 2019/12/15 v1.4 Provide unlimited unique counter (HO)
)
Package uniquecounter Info: New unique counter `rerunfilecheck' on input line 2
84.
))
(C:/Users/gener/AppData/Local/Programs/MiKTeX/tex/latex/beamer/beamerbaserequir
es.sty
(C:/Users/gener/AppData/Local/Programs/MiKTeX/tex/latex/beamer/beamerbasecompat
ibility.sty)
(C:/Users/gener/AppData/Local/Programs/MiKTeX/tex/latex/beamer/beamerbasefont.s
ty (C:/Users/gener/AppData/Local/Programs/MiKTeX/tex/latex/amsfonts/amssymb.sty
Package: amssymb 2013/01/14 v3.01 AMS font symbols
(C:/Users/gener/AppData/Local/Programs/MiKTeX/tex/latex/amsfonts/amsfonts.sty
Package: amsfonts 2013/01/14 v3.01 Basic AMSFonts support
\@emptytoks=\toks30
\symAMSa=\mathgroup4
\symAMSb=\mathgroup5
LaTeX Font Info:    Redeclaring math symbol \hbar on input line 98.
LaTeX Font Info:    Overwriting math alphabet `\mathfrak' in version `bold'
(Font)                  U/euf/m/n --> U/euf/b/n on input line 106.
))
(C:/Users/gener/AppData/Local/Programs/MiKTeX/tex/latex/sansmathaccent/sansmath
accent.sty
Package: sansmathaccent 2020/01/31

(C:/Users/gener/AppData/Local/Programs/MiKTeX/tex/latex/koma-script/scrlfile.st
y
Package: scrlfile 2025/09/09 v3.48 KOMA-Script package (file load hooks)

(C:/Users/gener/AppData/Local/Programs/MiKTeX/tex/latex/koma-script/scrlfile-ho
ok.sty
Package: scrlfile-hook 2025/09/09 v3.48 KOMA-Script package (using LaTeX hooks)


(C:/Users/gener/AppData/Local/Programs/MiKTeX/tex/latex/koma-script/scrlogo.sty
Package: scrlogo 2025/09/09 v3.48 KOMA-Script package (logo)
)))))
(C:/Users/gener/AppData/Local/Programs/MiKTeX/tex/latex/beamer/beamerbasetransl
ator.sty
(C:/Users/gener/AppData/Local/Programs/MiKTeX/tex/latex/translator/translator.s
ty
Package: translator 2021-05-31 v1.12d Easy translation of strings in LaTeX
))
(C:/Users/gener/AppData/Local/Programs/MiKTeX/tex/latex/beamer/beamerbasemisc.s
ty)
(C:/Users/gener/AppData/Local/Programs/MiKTeX/tex/latex/beamer/beamerbasetwoscr
eens.sty)
(C:/Users/gener/AppData/Local/Programs/MiKTeX/tex/latex/beamer/beamerbaseoverla
y.sty
\beamer@argscount=\count329
\beamer@lastskipcover=\skip52
\beamer@trivlistdepth=\count330
)
(C:/Users/gener/AppData/Local/Programs/MiKTeX/tex/latex/beamer/beamerbasetitle.
sty)
(C:/Users/gener/AppData/Local/Programs/MiKTeX/tex/latex/beamer/beamerbasesectio
n.sty
\c@lecture=\count331
\c@part=\count332
\c@section=\count333
\c@subsection=\count334
\c@subsubsection=\count335
)
(C:/Users/gener/AppData/Local/Programs/MiKTeX/tex/latex/beamer/beamerbaseframe.
sty
\beamer@framebox=\box68
\beamer@frametitlebox=\box69
\beamer@zoombox=\box70
\beamer@zoomcount=\count336
\beamer@zoomframecount=\count337
\beamer@frametextheight=\dimen278
\c@subsectionslide=\count338
\beamer@frametopskip=\skip53
\beamer@framebottomskip=\skip54
\beamer@frametopskipautobreak=\skip55
\beamer@framebottomskipautobreak=\skip56
\beamer@envbody=\toks31
\framewidth=\dimen279
\c@framenumber=\count339
)
(C:/Users/gener/AppData/Local/Programs/MiKTeX/tex/latex/beamer/beamerbaseverbat
im.sty
\beamer@verbatimfileout=\write4
)
(C:/Users/gener/AppData/Local/Programs/MiKTeX/tex/latex/beamer/beamerbaseframes
ize.sty
\beamer@splitbox=\box71
\beamer@autobreakcount=\count340
\beamer@autobreaklastheight=\dimen280
\beamer@frametitletoks=\toks32
\beamer@framesubtitletoks=\toks33
)
(C:/Users/gener/AppData/Local/Programs/MiKTeX/tex/latex/beamer/beamerbaseframec
omponents.sty
\beamer@colheight=\skip57
\beamer@footins=\box72
)
(C:/Users/gener/AppData/Local/Programs/MiKTeX/tex/latex/beamer/beamerbasecolor.
sty)
(C:/Users/gener/AppData/Local/Programs/MiKTeX/tex/latex/beamer/beamerbasenotes.
sty
\beamer@frameboxcopy=\box73
)
(C:/Users/gener/AppData/Local/Programs/MiKTeX/tex/latex/beamer/beamerbasetoc.st
y)
(C:/Users/gener/AppData/Local/Programs/MiKTeX/tex/latex/beamer/beamerbasetempla
tes.sty
\beamer@sbttoks=\toks34

(C:/Users/gener/AppData/Local/Programs/MiKTeX/tex/latex/beamer/beamerbaseauxtem
plates.sty
(C:/Users/gener/AppData/Local/Programs/MiKTeX/tex/latex/beamer/beamerbaseboxes.
sty
\bmb@box=\box74
\bmb@colorbox=\box75
\bmb@boxwidth=\dimen281
\bmb@boxheight=\dimen282
\bmb@prevheight=\dimen283
\bmb@temp=\dimen284
\bmb@dima=\dimen285
\bmb@dimb=\dimen286
\bmb@prevheight=\dimen287
)
\beamer@blockheadheight=\dimen288
))
(C:/Users/gener/AppData/Local/Programs/MiKTeX/tex/latex/beamer/beamerbaselocals
tructure.sty
(C:/Users/gener/AppData/Local/Programs/MiKTeX/tex/latex/tools/enumerate.sty
Package: enumerate 2023/07/04 v3.00 enumerate extensions (DPC)
\@enLab=\toks35
)
\beamer@bibiconwidth=\skip58
\c@figure=\count341
\c@table=\count342
\abovecaptionskip=\skip59
\belowcaptionskip=\skip60
)
(C:/Users/gener/AppData/Local/Programs/MiKTeX/tex/latex/beamer/beamerbasenaviga
tion.sty
(C:/Users/gener/AppData/Local/Programs/MiKTeX/tex/latex/beamer/beamerbasenaviga
tionsymbols.tex)
\beamer@section@min@dim=\dimen289
)
(C:/Users/gener/AppData/Local/Programs/MiKTeX/tex/latex/beamer/beamerbasetheore
ms.sty
(C:/Users/gener/AppData/Local/Programs/MiKTeX/tex/latex/amsmath/amsmath.sty
Package: amsmath 2025/06/16 v2.17y AMS math features
\@mathmargin=\skip61

For additional information on amsmath, use the `?' option.
(C:/Users/gener/AppData/Local/Programs/MiKTeX/tex/latex/amsmath/amstext.sty
Package: amstext 2024/11/17 v2.01 AMS text

(C:/Users/gener/AppData/Local/Programs/MiKTeX/tex/latex/amsmath/amsgen.sty
File: amsgen.sty 1999/11/30 v2.0 generic functions
\@emptytoks=\toks36
\ex@=\dimen290
))
(C:/Users/gener/AppData/Local/Programs/MiKTeX/tex/latex/amsmath/amsbsy.sty
Package: amsbsy 1999/11/29 v1.2d Bold Symbols
\pmbraise@=\dimen291
)
(C:/Users/gener/AppData/Local/Programs/MiKTeX/tex/latex/amsmath/amsopn.sty
Package: amsopn 2022/04/08 v2.04 operator names
)
\inf@bad=\count343
LaTeX Info: Redefining \frac on input line 235.
\uproot@=\count344
\leftroot@=\count345
LaTeX Info: Redefining \overline on input line 398.
LaTeX Info: Redefining \colon on input line 409.
\classnum@=\count346
\DOTSCASE@=\count347
LaTeX Info: Redefining \ldots on input line 495.
LaTeX Info: Redefining \dots on input line 498.
LaTeX Info: Redefining \cdots on input line 619.
\Mathstrutbox@=\box76
\strutbox@=\box77
LaTeX Info: Redefining \big on input line 721.
LaTeX Info: Redefining \Big on input line 722.
LaTeX Info: Redefining \bigg on input line 723.
LaTeX Info: Redefining \Bigg on input line 724.
\big@size=\dimen292
LaTeX Font Info:    Redeclaring font encoding OML on input line 742.
LaTeX Font Info:    Redeclaring font encoding OMS on input line 743.
\macc@depth=\count348
LaTeX Info: Redefining \bmod on input line 904.
LaTeX Info: Redefining \pmod on input line 909.
LaTeX Info: Redefining \smash on input line 939.
LaTeX Info: Redefining \relbar on input line 969.
LaTeX Info: Redefining \Relbar on input line 970.
\c@MaxMatrixCols=\count349
\dotsspace@=\muskip18
\c@parentequation=\count350
\dspbrk@lvl=\count351
\tag@help=\toks37
\row@=\count352
\column@=\count353
\maxfields@=\count354
\andhelp@=\toks38
\eqnshift@=\dimen293
\alignsep@=\dimen294
\tagshift@=\dimen295
\tagwidth@=\dimen296
\totwidth@=\dimen297
\lineht@=\dimen298
\@envbody=\toks39
\multlinegap=\skip62
\multlinetaggap=\skip63
\mathdisplay@stack=\toks40
LaTeX Info: Redefining \[ on input line 2949.
LaTeX Info: Redefining \] on input line 2950.
)
(C:/Users/gener/AppData/Local/Programs/MiKTeX/tex/latex/amscls/amsthm.sty
Package: amsthm 2020/05/29 v2.20.6
\thm@style=\toks41
\thm@bodyfont=\toks42
\thm@headfont=\toks43
\thm@notefont=\toks44
\thm@headpunct=\toks45
\thm@preskip=\skip64
\thm@postskip=\skip65
\thm@headsep=\skip66
\dth@everypar=\toks46
)
\c@theorem=\count355
)
(C:/Users/gener/AppData/Local/Programs/MiKTeX/tex/latex/beamer/beamerbasethemes
.sty))
(C:/Users/gener/AppData/Local/Programs/MiKTeX/tex/latex/beamer/beamerthemedefau
lt.sty
(C:/Users/gener/AppData/Local/Programs/MiKTeX/tex/latex/beamer/beamerfontthemed
efault.sty)
(C:/Users/gener/AppData/Local/Programs/MiKTeX/tex/latex/beamer/beamercolortheme
default.sty)
(C:/Users/gener/AppData/Local/Programs/MiKTeX/tex/latex/beamer/beamerinnertheme
default.sty
\beamer@dima=\dimen299
\beamer@dimb=\dimen300
)
(C:/Users/gener/AppData/Local/Programs/MiKTeX/tex/latex/beamer/beameroutertheme
default.sty)))
(C:/Users/gener/AppData/Local/Programs/MiKTeX/tex/latex/psnfss/helvet.sty
Package: helvet 2020/03/25 PSNFSS-v9.3 (WaS) 
)
(C:/Users/gener/AppData/Local/Programs/MiKTeX/tex/latex/tools/multicol.sty
Package: multicol 2025/05/25 v2.0a multicolumn formatting (FMi)
\c@tracingmulticols=\count356
\mult@box=\box78
\multicol@leftmargin=\dimen301
\c@unbalance=\count357
\c@collectmore=\count358
\doublecol@number=\count359
\multicoltolerance=\count360
\multicolpretolerance=\count361
\full@width=\dimen302
\page@free=\dimen303
\premulticols=\dimen304
\postmulticols=\dimen305
\multicolsep=\skip67
\multicolbaselineskip=\skip68
\partial@page=\box79
\last@line=\box80
\mc@boxedresult=\box81
\maxbalancingoverflow=\dimen306
\mult@rightbox=\box82
\mult@grightbox=\box83
\mult@firstbox=\box84
\mult@gfirstbox=\box85
\@tempa=\box86
\@tempa=\box87
\@tempa=\box88
\@tempa=\box89
\@tempa=\box90
\@tempa=\box91
\@tempa=\box92
\@tempa=\box93
\@tempa=\box94
\@tempa=\box95
\@tempa=\box96
\@tempa=\box97
\@tempa=\box98
\@tempa=\box99
\@tempa=\box100
\@tempa=\box101
\@tempa=\box102
\@tempa=\box103
\@tempa=\box104
\@tempa=\box105
\@tempa=\box106
\@tempa=\box107
\@tempa=\box108
\@tempa=\box109
\@tempa=\box110
\@tempa=\box111
\@tempa=\box112
\@tempa=\box113
\@tempa=\box114
\@tempa=\box115
\@tempa=\box116
\@tempa=\box117
\@tempa=\box118
\@tempa=\box119
\@tempa=\box120
\@tempa=\box121
\c@minrows=\count362
\c@columnbadness=\count363
\c@finalcolumnbadness=\count364
\last@try=\dimen307
\multicolovershoot=\dimen308
\multicolundershoot=\dimen309
\mult@nat@firstbox=\box122
\colbreak@box=\box123
\mc@col@check@num=\count365
\g__mc_curr_col_int=\count366
)
(C:/Users/gener/AppData/Local/Programs/MiKTeX/tex/latex/pgf/frontendlayer/tikz.
sty
(C:/Users/gener/AppData/Local/Programs/MiKTeX/tex/latex/pgf/basiclayer/pgf.sty
Package: pgf 2025-08-29 v3.1.11a (3.1.11a)

(C:/Users/gener/AppData/Local/Programs/MiKTeX/tex/generic/pgf/modules/pgfmodule
shapes.code.tex
File: pgfmoduleshapes.code.tex 2025-08-29 v3.1.11a (3.1.11a)
\pgfnodeparttextbox=\box124
)
(C:/Users/gener/AppData/Local/Programs/MiKTeX/tex/generic/pgf/modules/pgfmodule
plot.code.tex
File: pgfmoduleplot.code.tex 2025-08-29 v3.1.11a (3.1.11a)
)
(C:/Users/gener/AppData/Local/Programs/MiKTeX/tex/latex/pgf/compatibility/pgfco
mp-version-0-65.sty
Package: pgfcomp-version-0-65 2025-08-29 v3.1.11a (3.1.11a)
\pgf@nodesepstart=\dimen310
\pgf@nodesepend=\dimen311
)
(C:/Users/gener/AppData/Local/Programs/MiKTeX/tex/latex/pgf/compatibility/pgfco
mp-version-1-18.sty
Package: pgfcomp-version-1-18 2025-08-29 v3.1.11a (3.1.11a)
))
(C:/Users/gener/AppData/Local/Programs/MiKTeX/tex/latex/pgf/utilities/pgffor.st
y
(C:/Users/gener/AppData/Local/Programs/MiKTeX/tex/generic/pgf/utilities/pgffor.
code.tex
Package: pgffor 2025-08-29 v3.1.11a (3.1.11a)
\pgffor@iter=\dimen312
\pgffor@skip=\dimen313
\pgffor@stack=\toks47
\pgffor@toks=\toks48
))
(C:/Users/gener/AppData/Local/Programs/MiKTeX/tex/generic/pgf/frontendlayer/tik
z/tikz.code.tex
Package: tikz 2025-08-29 v3.1.11a (3.1.11a)

(C:/Users/gener/AppData/Local/Programs/MiKTeX/tex/generic/pgf/libraries/pgflibr
aryplothandlers.code.tex
File: pgflibraryplothandlers.code.tex 2025-08-29 v3.1.11a (3.1.11a)
\pgf@plot@mark@count=\count367
\pgfplotmarksize=\dimen314
)
\tikz@lastx=\dimen315
\tikz@lasty=\dimen316
\tikz@lastxsaved=\dimen317
\tikz@lastysaved=\dimen318
\tikz@lastmovetox=\dimen319
\tikz@lastmovetoy=\dimen320
\tikzleveldistance=\dimen321
\tikzsiblingdistance=\dimen322
\tikz@figbox=\box125
\tikz@figbox@bg=\box126
\tikz@tempbox=\box127
\tikz@tempbox@bg=\box128
\tikztreelevel=\count368
\tikznumberofchildren=\count369
\tikznumberofcurrentchild=\count370
\tikz@fig@count=\count371

(C:/Users/gener/AppData/Local/Programs/MiKTeX/tex/generic/pgf/modules/pgfmodule
matrix.code.tex
File: pgfmodulematrix.code.tex 2025-08-29 v3.1.11a (3.1.11a)
\pgfmatrixcurrentrow=\count372
\pgfmatrixcurrentcolumn=\count373
\pgf@matrix@numberofcolumns=\count374
)
\tikz@expandcount=\count375

(C:/Users/gener/AppData/Local/Programs/MiKTeX/tex/generic/pgf/frontendlayer/tik
z/libraries/tikzlibrarytopaths.code.tex
File: tikzlibrarytopaths.code.tex 2025-08-29 v3.1.11a (3.1.11a)
)))
(C:/Users/gener/AppData/Local/Programs/MiKTeX/tex/latex/ulem/ulem.sty
\UL@box=\box129
\UL@hyphenbox=\box130
\UL@skip=\skip69
\UL@hook=\toks49
\UL@height=\dimen323
\UL@pe=\count376
\UL@pixel=\dimen324
\ULC@box=\box131
Package: ulem 2019/11/18
\ULdepth=\dimen325
)
LaTeX Font Info:    Trying to load font information for T1+txtt on input line 2
1.

(C:/Users/gener/AppData/Local/Programs/MiKTeX/tex/latex/txfonts/t1txtt.fd
File: t1txtt.fd 2000/12/15 v3.1
)
(C:/Users/gener/AppData/Local/Programs/MiKTeX/tex/latex/beamer/beamercolortheme
structure.sty)
Package hyperref Info: Option `colorlinks' set `true' on input line 43.

(C:/Users/gener/AppData/Local/Programs/MiKTeX/tex/latex/base/fontenc.sty
Package: fontenc 2024/12/21 v2.1c Standard LaTeX package
LaTeX Font Info:    Trying to load font information for T1+phv on input line 11
6.

(C:/Users/gener/AppData/Local/Programs/MiKTeX/tex/latex/psnfss/t1phv.fd
File: t1phv.fd 2020/03/25 scalable font definitions for T1/phv.
))
(C:/Users/gener/AppData/Local/Programs/MiKTeX/tex/latex/fira/FiraSans.sty
Package: FiraSans 2022/09/17 (Bob Tennent and autoinst) Style file for Fira San
s fonts.

(C:/Users/gener/AppData/Local/Programs/MiKTeX/tex/generic/iftex/ifxetex.sty
Package: ifxetex 2019/10/25 v0.7 ifxetex legacy package. Use iftex instead.
)
(C:/Users/gener/AppData/Local/Programs/MiKTeX/tex/generic/iftex/ifluatex.sty
Package: ifluatex 2019/10/25 v1.5 ifluatex legacy package. Use iftex instead.
)
(C:/Users/gener/AppData/Local/Programs/MiKTeX/tex/latex/xkeyval/xkeyval.sty
Package: xkeyval 2022/06/16 v2.9 package option processing (HA)

(C:/Users/gener/AppData/Local/Programs/MiKTeX/tex/generic/xkeyval/xkeyval.tex
(C:/Users/gener/AppData/Local/Programs/MiKTeX/tex/generic/xkeyval/xkvutils.tex
\XKV@toks=\toks50
\XKV@tempa@toks=\toks51
)
\XKV@depth=\count377
File: xkeyval.tex 2014/12/03 v2.7a key=value parser (HA)
)) (C:/Users/gener/AppData/Local/Programs/MiKTeX/tex/latex/base/textcomp.sty
Package: textcomp 2024/04/24 v2.1b Standard LaTeX package
)
(C:/Users/gener/AppData/Local/Programs/MiKTeX/tex/latex/fontspec/fontspec.sty
(C:/Users/gener/AppData/Local/Programs/MiKTeX/tex/latex/l3packages/xparse/xpars
e.sty
(C:/Users/gener/AppData/Local/Programs/MiKTeX/tex/latex/l3kernel/expl3.sty
Package: expl3 2025-08-13 L3 programming layer (loader) 

(C:/Users/gener/AppData/Local/Programs/MiKTeX/tex/latex/l3backend/l3backend-lua
tex.def
File: l3backend-luatex.def 2025-06-09 L3 backend support: PDF output (LuaTeX)
\l__color_backend_stack_int=\count378
Inserting `l3color' in `luaotfload.parse_color'.))
Package: xparse 2024-08-16 L3 Experimental document command parser
)
Package: fontspec 2024/05/11 v2.9e Font selection for XeLaTeX and LuaLaTeX
Lua module: fontspec 2024/05/11 v2.9e Font selection for XeLaTeX and LuaLaTeX
(C:/Users/gener/AppData/Local/Programs/MiKTeX/tex/latex/fontspec/fontspec-luate
x.sty
Package: fontspec-luatex 2024/05/11 v2.9e Font selection for XeLaTeX and LuaLaT
eX
\l__fontspec_script_int=\count379
\l__fontspec_language_int=\count380
\l__fontspec_strnum_int=\count381
\l__fontspec_tmp_int=\count382
\l__fontspec_tmpa_int=\count383
\l__fontspec_tmpb_int=\count384
\l__fontspec_tmpc_int=\count385
\l__fontspec_em_int=\count386
\l__fontspec_emdef_int=\count387
\l__fontspec_strong_int=\count388
\l__fontspec_strongdef_int=\count389
\l__fontspec_tmpa_dim=\dimen326
\l__fontspec_tmpb_dim=\dimen327
\l__fontspec_tmpc_dim=\dimen328
 (C:/Users/gener/AppData/Local/Programs/MiKTeX/tex/latex/base/fontenc.sty
Package: fontenc 2024/12/21 v2.1c Standard LaTeX package
) (C:/Users/gener/AppData/Local/Programs/MiKTeX/tex/latex/fontspec/fontspec.cfg
)))

Package fontspec Info: 
(fontspec)             FiraSans-Regular scale = .85.


Package fontspec Info: 
(fontspec)             FiraSans-Regular scale = .85.


Package fontspec Info: 
(fontspec)             FiraSans-Regular scale = .85.


Package fontspec Info: 
(fontspec)             FiraSans-Bold scale = .85.


Package fontspec Info: 
(fontspec)             FiraSans-Bold scale = .85.


Package fontspec Info: 
(fontspec)             FiraSans-Italic scale = .85.


Package fontspec Info: 
(fontspec)             FiraSans-Italic scale = .85.


Package fontspec Info: 
(fontspec)             FiraSans-BoldItalic scale = .85.


Package fontspec Info: 
(fontspec)             FiraSans-BoldItalic scale = .85.


Package fontspec Info: 
(fontspec)             Font family 'FiraSans(0)' created for font 'FiraSans'
(fontspec)             with options [Ligatures = TeX,Scale = .85,Extension =
(fontspec)             .otf,Ligatures=TeX,Numbers =
(fontspec)             {Proportional,OldStyle},UprightFont =
(fontspec)             *-Regular,ItalicFont = *-Italic,BoldFont =
(fontspec)             *-Bold,BoldItalicFont = *-BoldItalic].
(fontspec)              
(fontspec)              This font family consists of the following NFSS
(fontspec)             series/shapes:
(fontspec)              
(fontspec)             - 'normal' (m/n) with NFSS spec.:
(fontspec)             <->s*[.85]"[FiraSans-Regular.otf]:mode=node;script=latn;
language=dflt;+tlig;+pnum;+onum;"
(fontspec)             - 'small caps'  (m/sc) with NFSS spec.:
(fontspec)             <->s*[.85]"[FiraSans-Regular.otf]:mode=node;script=latn;
language=dflt;+tlig;+pnum;+onum;+smcp;"
(fontspec)             - 'bold' (b/n) with NFSS spec.:
(fontspec)             <->s*[.85]"[FiraSans-Bold.otf]:mode=node;script=latn;lan
guage=dflt;+tlig;+pnum;+onum;"
(fontspec)             - 'bold small caps'  (b/sc) with NFSS spec.:
(fontspec)             <->s*[.85]"[FiraSans-Bold.otf]:mode=node;script=latn;lan
guage=dflt;+tlig;+pnum;+onum;+smcp;"
(fontspec)             - 'italic' (m/it) with NFSS spec.:
(fontspec)             <->s*[.85]"[FiraSans-Italic.otf]:mode=node;script=latn;l
anguage=dflt;+tlig;+pnum;+onum;"
(fontspec)             - 'italic small caps'  (m/scit) with NFSS spec.:
(fontspec)             <->s*[.85]"[FiraSans-Italic.otf]:mode=node;script=latn;l
anguage=dflt;+tlig;+pnum;+onum;+smcp;"
(fontspec)             - 'bold italic' (b/it) with NFSS spec.:
(fontspec)             <->s*[.85]"[FiraSans-BoldItalic.otf]:mode=node;script=la
tn;language=dflt;+tlig;+pnum;+onum;"
(fontspec)             - 'bold italic small caps'  (b/scit) with NFSS spec.:
(fontspec)             <->s*[.85]"[FiraSans-BoldItalic.otf]:mode=node;script=la
tn;language=dflt;+tlig;+pnum;+onum;+smcp;"

LaTeX Font Info:    Font shape `TU/FiraSans(0)/m/n' will be
(Font)              scaled to size 9.30756pt on input line 138.

Package fontspec Info: 
(fontspec)             FiraSans-Regular scale = .85.


Package fontspec Info: 
(fontspec)             FiraSans-Regular scale = .85.


Package fontspec Info: 
(fontspec)             FiraSans-Regular scale = .85.


Package fontspec Info: 
(fontspec)             FiraSans-Bold scale = .85.


Package fontspec Info: 
(fontspec)             FiraSans-Bold scale = .85.


Package fontspec Info: 
(fontspec)             FiraSans-Italic scale = .85.


Package fontspec Info: 
(fontspec)             FiraSans-Italic scale = .85.


Package fontspec Info: 
(fontspec)             FiraSans-BoldItalic scale = .85.


Package fontspec Info: 
(fontspec)             FiraSans-BoldItalic scale = .85.


Package fontspec Info: 
(fontspec)             Font family 'FiraSans(1)' created for font 'FiraSans'
(fontspec)             with options [Ligatures = TeX,Scale = .85,Extension =
(fontspec)             .otf,Numbers = {Proportional,OldStyle},UprightFont =
(fontspec)             *-Regular,ItalicFont = *-Italic,BoldFont =
(fontspec)             *-Bold,BoldItalicFont = *-BoldItalic].
(fontspec)              
(fontspec)              This font family consists of the following NFSS
(fontspec)             series/shapes:
(fontspec)              
(fontspec)             - 'normal' (m/n) with NFSS spec.:
(fontspec)             <->s*[.85]"[FiraSans-Regular.otf]:mode=node;script=latn;
language=dflt;+tlig;+pnum;+onum;"
(fontspec)             - 'small caps'  (m/sc) with NFSS spec.:
(fontspec)             <->s*[.85]"[FiraSans-Regular.otf]:mode=node;script=latn;
language=dflt;+tlig;+pnum;+onum;+smcp;"
(fontspec)             - 'bold' (b/n) with NFSS spec.:
(fontspec)             <->s*[.85]"[FiraSans-Bold.otf]:mode=node;script=latn;lan
guage=dflt;+tlig;+pnum;+onum;"
(fontspec)             - 'bold small caps'  (b/sc) with NFSS spec.:
(fontspec)             <->s*[.85]"[FiraSans-Bold.otf]:mode=node;script=latn;lan
guage=dflt;+tlig;+pnum;+onum;+smcp;"
(fontspec)             - 'italic' (m/it) with NFSS spec.:
(fontspec)             <->s*[.85]"[FiraSans-Italic.otf]:mode=node;script=latn;l
anguage=dflt;+tlig;+pnum;+onum;"
(fontspec)             - 'italic small caps'  (m/scit) with NFSS spec.:
(fontspec)             <->s*[.85]"[FiraSans-Italic.otf]:mode=node;script=latn;l
anguage=dflt;+tlig;+pnum;+onum;+smcp;"
(fontspec)             - 'bold italic' (b/it) with NFSS spec.:
(fontspec)             <->s*[.85]"[FiraSans-BoldItalic.otf]:mode=node;script=la
tn;language=dflt;+tlig;+pnum;+onum;"
(fontspec)             - 'bold italic small caps'  (b/scit) with NFSS spec.:
(fontspec)             <->s*[.85]"[FiraSans-BoldItalic.otf]:mode=node;script=la
tn;language=dflt;+tlig;+pnum;+onum;+smcp;"


Package fontspec Info: 
(fontspec)             FiraSans-Regular scale = .85.


Package fontspec Info: 
(fontspec)             FiraSans-Regular scale = .85.


Package fontspec Info: 
(fontspec)             FiraSans-Regular scale = .85.


Package fontspec Info: 
(fontspec)             FiraSans-Bold scale = .85.


Package fontspec Info: 
(fontspec)             FiraSans-Bold scale = .85.


Package fontspec Info: 
(fontspec)             FiraSans-Italic scale = .85.


Package fontspec Info: 
(fontspec)             FiraSans-Italic scale = .85.


Package fontspec Info: 
(fontspec)             FiraSans-BoldItalic scale = .85.


Package fontspec Info: 
(fontspec)             FiraSans-BoldItalic scale = .85.


Package fontspec Info: 
(fontspec)             Font family 'FiraSans(2)' created for font 'FiraSans'
(fontspec)             with options [Ligatures = TeX,Scale = .85,Extension =
(fontspec)             .otf,Numbers = {Proportional,Lining},UprightFont =
(fontspec)             *-Regular,ItalicFont = *-Italic,BoldFont =
(fontspec)             *-Bold,BoldItalicFont = *-BoldItalic].
(fontspec)              
(fontspec)              This font family consists of the following NFSS
(fontspec)             series/shapes:
(fontspec)              
(fontspec)             - 'normal' (m/n) with NFSS spec.:
(fontspec)             <->s*[.85]"[FiraSans-Regular.otf]:mode=node;script=latn;
language=dflt;+tlig;+pnum;+lnum;"
(fontspec)             - 'small caps'  (m/sc) with NFSS spec.:
(fontspec)             <->s*[.85]"[FiraSans-Regular.otf]:mode=node;script=latn;
language=dflt;+tlig;+pnum;+lnum;+smcp;"
(fontspec)             - 'bold' (b/n) with NFSS spec.:
(fontspec)             <->s*[.85]"[FiraSans-Bold.otf]:mode=node;script=latn;lan
guage=dflt;+tlig;+pnum;+lnum;"
(fontspec)             - 'bold small caps'  (b/sc) with NFSS spec.:
(fontspec)             <->s*[.85]"[FiraSans-Bold.otf]:mode=node;script=latn;lan
guage=dflt;+tlig;+pnum;+lnum;+smcp;"
(fontspec)             - 'italic' (m/it) with NFSS spec.:
(fontspec)             <->s*[.85]"[FiraSans-Italic.otf]:mode=node;script=latn;l
anguage=dflt;+tlig;+pnum;+lnum;"
(fontspec)             - 'italic small caps'  (m/scit) with NFSS spec.:
(fontspec)             <->s*[.85]"[FiraSans-Italic.otf]:mode=node;script=latn;l
anguage=dflt;+tlig;+pnum;+lnum;+smcp;"
(fontspec)             - 'bold italic' (b/it) with NFSS spec.:
(fontspec)             <->s*[.85]"[FiraSans-BoldItalic.otf]:mode=node;script=la
tn;language=dflt;+tlig;+pnum;+lnum;"
(fontspec)             - 'bold italic small caps'  (b/scit) with NFSS spec.:
(fontspec)             <->s*[.85]"[FiraSans-BoldItalic.otf]:mode=node;script=la
tn;language=dflt;+tlig;+pnum;+lnum;+smcp;"


Package fontspec Info: 
(fontspec)             FiraSans-Regular scale = .85.


Package fontspec Info: 
(fontspec)             FiraSans-Regular scale = .85.


Package fontspec Info: 
(fontspec)             FiraSans-Regular scale = .85.


Package fontspec Info: 
(fontspec)             FiraSans-Bold scale = .85.


Package fontspec Info: 
(fontspec)             FiraSans-Bold scale = .85.


Package fontspec Info: 
(fontspec)             FiraSans-Italic scale = .85.


Package fontspec Info: 
(fontspec)             FiraSans-Italic scale = .85.


Package fontspec Info: 
(fontspec)             FiraSans-BoldItalic scale = .85.


Package fontspec Info: 
(fontspec)             FiraSans-BoldItalic scale = .85.


Package fontspec Info: 
(fontspec)             Font family 'FiraSans(3)' created for font 'FiraSans'
(fontspec)             with options [Ligatures = TeX,Scale = .85,Extension =
(fontspec)             .otf,Numbers = {Monospaced,OldStyle},UprightFont =
(fontspec)             *-Regular,ItalicFont = *-Italic,BoldFont =
(fontspec)             *-Bold,BoldItalicFont = *-BoldItalic].
(fontspec)              
(fontspec)              This font family consists of the following NFSS
(fontspec)             series/shapes:
(fontspec)              
(fontspec)             - 'normal' (m/n) with NFSS spec.:
(fontspec)             <->s*[.85]"[FiraSans-Regular.otf]:mode=node;script=latn;
language=dflt;+tlig;+tnum;+onum;"
(fontspec)             - 'small caps'  (m/sc) with NFSS spec.:
(fontspec)             <->s*[.85]"[FiraSans-Regular.otf]:mode=node;script=latn;
language=dflt;+tlig;+tnum;+onum;+smcp;"
(fontspec)             - 'bold' (b/n) with NFSS spec.:
(fontspec)             <->s*[.85]"[FiraSans-Bold.otf]:mode=node;script=latn;lan
guage=dflt;+tlig;+tnum;+onum;"
(fontspec)             - 'bold small caps'  (b/sc) with NFSS spec.:
(fontspec)             <->s*[.85]"[FiraSans-Bold.otf]:mode=node;script=latn;lan
guage=dflt;+tlig;+tnum;+onum;+smcp;"
(fontspec)             - 'italic' (m/it) with NFSS spec.:
(fontspec)             <->s*[.85]"[FiraSans-Italic.otf]:mode=node;script=latn;l
anguage=dflt;+tlig;+tnum;+onum;"
(fontspec)             - 'italic small caps'  (m/scit) with NFSS spec.:
(fontspec)             <->s*[.85]"[FiraSans-Italic.otf]:mode=node;script=latn;l
anguage=dflt;+tlig;+tnum;+onum;+smcp;"
(fontspec)             - 'bold italic' (b/it) with NFSS spec.:
(fontspec)             <->s*[.85]"[FiraSans-BoldItalic.otf]:mode=node;script=la
tn;language=dflt;+tlig;+tnum;+onum;"
(fontspec)             - 'bold italic small caps'  (b/scit) with NFSS spec.:
(fontspec)             <->s*[.85]"[FiraSans-BoldItalic.otf]:mode=node;script=la
tn;language=dflt;+tlig;+tnum;+onum;+smcp;"


Package fontspec Info: 
(fontspec)             FiraSans-Regular scale = .85.


Package fontspec Info: 
(fontspec)             FiraSans-Thin scale = .85.


Package fontspec Info: 
(fontspec)             FiraSans-Thin scale = .85.


Package fontspec Info: 
(fontspec)             FiraSans-Thin scale = .85.


Package fontspec Info: 
(fontspec)             FiraSans-Bold scale = .85.


Package fontspec Info: 
(fontspec)             FiraSans-Bold scale = .85.


Package fontspec Info: 
(fontspec)             FiraSans-ThinItalic scale = .85.


Package fontspec Info: 
(fontspec)             FiraSans-ThinItalic scale = .85.


Package fontspec Info: 
(fontspec)             FiraSans-BoldItalic scale = .85.


Package fontspec Info: 
(fontspec)             FiraSans-BoldItalic scale = .85.


Package fontspec Info: 
(fontspec)             Font family 'FiraSans(4)' created for font 'FiraSans'
(fontspec)             with options [Ligatures = TeX,Scale = .85,Extension =
(fontspec)             .otf,Numbers = {Proportional,OldStyle},UprightFont =
(fontspec)             *-Thin,ItalicFont = *-ThinItalic,BoldFont =
(fontspec)             *-Bold,BoldItalicFont = *-BoldItalic].
(fontspec)              
(fontspec)              This font family consists of the following NFSS
(fontspec)             series/shapes:
(fontspec)              
(fontspec)             - 'normal' (m/n) with NFSS spec.:
(fontspec)             <->s*[.85]"[FiraSans-Thin.otf]:mode=node;script=latn;lan
guage=dflt;+tlig;+pnum;+onum;"
(fontspec)             - 'small caps'  (m/sc) with NFSS spec.:
(fontspec)             <->s*[.85]"[FiraSans-Thin.otf]:mode=node;script=latn;lan
guage=dflt;+tlig;+pnum;+onum;+smcp;"
(fontspec)             - 'bold' (b/n) with NFSS spec.:
(fontspec)             <->s*[.85]"[FiraSans-Bold.otf]:mode=node;script=latn;lan
guage=dflt;+tlig;+pnum;+onum;"
(fontspec)             - 'bold small caps'  (b/sc) with NFSS spec.:
(fontspec)             <->s*[.85]"[FiraSans-Bold.otf]:mode=node;script=latn;lan
guage=dflt;+tlig;+pnum;+onum;+smcp;"
(fontspec)             - 'italic' (m/it) with NFSS spec.:
(fontspec)             <->s*[.85]"[FiraSans-ThinItalic.otf]:mode=node;script=la
tn;language=dflt;+tlig;+pnum;+onum;"
(fontspec)             - 'italic small caps'  (m/scit) with NFSS spec.:
(fontspec)             <->s*[.85]"[FiraSans-ThinItalic.otf]:mode=node;script=la
tn;language=dflt;+tlig;+pnum;+onum;+smcp;"
(fontspec)             - 'bold italic' (b/it) with NFSS spec.:
(fontspec)             <->s*[.85]"[FiraSans-BoldItalic.otf]:mode=node;script=la
tn;language=dflt;+tlig;+pnum;+onum;"
(fontspec)             - 'bold italic small caps'  (b/scit) with NFSS spec.:
(fontspec)             <->s*[.85]"[FiraSans-BoldItalic.otf]:mode=node;script=la
tn;language=dflt;+tlig;+pnum;+onum;+smcp;"


Package fontspec Info: 
(fontspec)             FiraSans-Light scale = .85.


Package fontspec Info: 
(fontspec)             FiraSans-Light scale = .85.


Package fontspec Info: 
(fontspec)             FiraSans-Light scale = .85.


Package fontspec Info: 
(fontspec)             FiraSans-Bold scale = .85.


Package fontspec Info: 
(fontspec)             FiraSans-Bold scale = .85.


Package fontspec Info: 
(fontspec)             FiraSans-LightItalic scale = .85.


Package fontspec Info: 
(fontspec)             FiraSans-LightItalic scale = .85.


Package fontspec Info: 
(fontspec)             FiraSans-BoldItalic scale = .85.


Package fontspec Info: 
(fontspec)             FiraSans-BoldItalic scale = .85.


Package fontspec Info: 
(fontspec)             Font family 'FiraSans(5)' created for font 'FiraSans'
(fontspec)             with options [Ligatures = TeX,Scale = .85,Extension =
(fontspec)             .otf,Numbers = {Proportional,OldStyle},UprightFont =
(fontspec)             *-Light,ItalicFont = *-LightItalic,BoldFont =
(fontspec)             *-Bold,BoldItalicFont = *-BoldItalic].
(fontspec)              
(fontspec)              This font family consists of the following NFSS
(fontspec)             series/shapes:
(fontspec)              
(fontspec)             - 'normal' (m/n) with NFSS spec.:
(fontspec)             <->s*[.85]"[FiraSans-Light.otf]:mode=node;script=latn;la
nguage=dflt;+tlig;+pnum;+onum;"
(fontspec)             - 'small caps'  (m/sc) with NFSS spec.:
(fontspec)             <->s*[.85]"[FiraSans-Light.otf]:mode=node;script=latn;la
nguage=dflt;+tlig;+pnum;+onum;+smcp;"
(fontspec)             - 'bold' (b/n) with NFSS spec.:
(fontspec)             <->s*[.85]"[FiraSans-Bold.otf]:mode=node;script=latn;lan
guage=dflt;+tlig;+pnum;+onum;"
(fontspec)             - 'bold small caps'  (b/sc) with NFSS spec.:
(fontspec)             <->s*[.85]"[FiraSans-Bold.otf]:mode=node;script=latn;lan
guage=dflt;+tlig;+pnum;+onum;+smcp;"
(fontspec)             - 'italic' (m/it) with NFSS spec.:
(fontspec)             <->s*[.85]"[FiraSans-LightItalic.otf]:mode=node;script=l
atn;language=dflt;+tlig;+pnum;+onum;"
(fontspec)             - 'italic small caps'  (m/scit) with NFSS spec.:
(fontspec)             <->s*[.85]"[FiraSans-LightItalic.otf]:mode=node;script=l
atn;language=dflt;+tlig;+pnum;+onum;+smcp;"
(fontspec)             - 'bold italic' (b/it) with NFSS spec.:
(fontspec)             <->s*[.85]"[FiraSans-BoldItalic.otf]:mode=node;script=la
tn;language=dflt;+tlig;+pnum;+onum;"
(fontspec)             - 'bold italic small caps'  (b/scit) with NFSS spec.:
(fontspec)             <->s*[.85]"[FiraSans-BoldItalic.otf]:mode=node;script=la
tn;language=dflt;+tlig;+pnum;+onum;+smcp;"


Package fontspec Info: 
(fontspec)             FiraSans-ExtraLight scale = .85.


Package fontspec Info: 
(fontspec)             FiraSans-ExtraLight scale = .85.


Package fontspec Info: 
(fontspec)             FiraSans-ExtraLight scale = .85.


Package fontspec Info: 
(fontspec)             FiraSans-Bold scale = .85.


Package fontspec Info: 
(fontspec)             FiraSans-Bold scale = .85.


Package fontspec Info: 
(fontspec)             FiraSans-ExtraLightItalic scale = .85.


Package fontspec Info: 
(fontspec)             FiraSans-ExtraLightItalic scale = .85.


Package fontspec Info: 
(fontspec)             FiraSans-BoldItalic scale = .85.


Package fontspec Info: 
(fontspec)             FiraSans-BoldItalic scale = .85.


Package fontspec Info: 
(fontspec)             Font family 'FiraSans(6)' created for font 'FiraSans'
(fontspec)             with options [Ligatures = TeX,Scale = .85,Extension =
(fontspec)             .otf,Numbers = {Proportional,OldStyle},UprightFont =
(fontspec)             *-ExtraLight,ItalicFont = *-ExtraLightItalic,BoldFont =
(fontspec)             *-Bold,BoldItalicFont = *-BoldItalic].
(fontspec)              
(fontspec)              This font family consists of the following NFSS
(fontspec)             series/shapes:
(fontspec)              
(fontspec)             - 'normal' (m/n) with NFSS spec.:
(fontspec)             <->s*[.85]"[FiraSans-ExtraLight.otf]:mode=node;script=la
tn;language=dflt;+tlig;+pnum;+onum;"
(fontspec)             - 'small caps'  (m/sc) with NFSS spec.:
(fontspec)             <->s*[.85]"[FiraSans-ExtraLight.otf]:mode=node;script=la
tn;language=dflt;+tlig;+pnum;+onum;+smcp;"
(fontspec)             - 'bold' (b/n) with NFSS spec.:
(fontspec)             <->s*[.85]"[FiraSans-Bold.otf]:mode=node;script=latn;lan
guage=dflt;+tlig;+pnum;+onum;"
(fontspec)             - 'bold small caps'  (b/sc) with NFSS spec.:
(fontspec)             <->s*[.85]"[FiraSans-Bold.otf]:mode=node;script=latn;lan
guage=dflt;+tlig;+pnum;+onum;+smcp;"
(fontspec)             - 'italic' (m/it) with NFSS spec.:
(fontspec)             <->s*[.85]"[FiraSans-ExtraLightItalic.otf]:mode=node;scr
ipt=latn;language=dflt;+tlig;+pnum;+onum;"
(fontspec)             - 'italic small caps'  (m/scit) with NFSS spec.:
(fontspec)             <->s*[.85]"[FiraSans-ExtraLightItalic.otf]:mode=node;scr
ipt=latn;language=dflt;+tlig;+pnum;+onum;+smcp;"
(fontspec)             - 'bold italic' (b/it) with NFSS spec.:
(fontspec)             <->s*[.85]"[FiraSans-BoldItalic.otf]:mode=node;script=la
tn;language=dflt;+tlig;+pnum;+onum;"
(fontspec)             - 'bold italic small caps'  (b/scit) with NFSS spec.:
(fontspec)             <->s*[.85]"[FiraSans-BoldItalic.otf]:mode=node;script=la
tn;language=dflt;+tlig;+pnum;+onum;+smcp;"


Package fontspec Info: 
(fontspec)             FiraSans-UltraLight scale = .85.


Package fontspec Info: 
(fontspec)             FiraSans-UltraLight scale = .85.


Package fontspec Info: 
(fontspec)             FiraSans-UltraLight scale = .85.


Package fontspec Info: 
(fontspec)             FiraSans-Bold scale = .85.


Package fontspec Info: 
(fontspec)             FiraSans-Bold scale = .85.


Package fontspec Info: 
(fontspec)             FiraSans-UltraLightItalic scale = .85.


Package fontspec Info: 
(fontspec)             FiraSans-UltraLightItalic scale = .85.


Package fontspec Info: 
(fontspec)             FiraSans-BoldItalic scale = .85.


Package fontspec Info: 
(fontspec)             FiraSans-BoldItalic scale = .85.


Package fontspec Info: 
(fontspec)             Font family 'FiraSans(7)' created for font 'FiraSans'
(fontspec)             with options [Ligatures = TeX,Scale = .85,Extension =
(fontspec)             .otf,Numbers = {Proportional,OldStyle},UprightFont =
(fontspec)             *-UltraLight,ItalicFont = *-UltraLightItalic,BoldFont =
(fontspec)             *-Bold,BoldItalicFont = *-BoldItalic].
(fontspec)              
(fontspec)              This font family consists of the following NFSS
(fontspec)             series/shapes:
(fontspec)              
(fontspec)             - 'normal' (m/n) with NFSS spec.:
(fontspec)             <->s*[.85]"[FiraSans-UltraLight.otf]:mode=node;script=la
tn;language=dflt;+tlig;+pnum;+onum;"
(fontspec)             - 'small caps'  (m/sc) with NFSS spec.:
(fontspec)             <->s*[.85]"[FiraSans-UltraLight.otf]:mode=node;script=la
tn;language=dflt;+tlig;+pnum;+onum;+smcp;"
(fontspec)             - 'bold' (b/n) with NFSS spec.:
(fontspec)             <->s*[.85]"[FiraSans-Bold.otf]:mode=node;script=latn;lan
guage=dflt;+tlig;+pnum;+onum;"
(fontspec)             - 'bold small caps'  (b/sc) with NFSS spec.:
(fontspec)             <->s*[.85]"[FiraSans-Bold.otf]:mode=node;script=latn;lan
guage=dflt;+tlig;+pnum;+onum;+smcp;"
(fontspec)             - 'italic' (m/it) with NFSS spec.:
(fontspec)             <->s*[.85]"[FiraSans-UltraLightItalic.otf]:mode=node;scr
ipt=latn;language=dflt;+tlig;+pnum;+onum;"
(fontspec)             - 'italic small caps'  (m/scit) with NFSS spec.:
(fontspec)             <->s*[.85]"[FiraSans-UltraLightItalic.otf]:mode=node;scr
ipt=latn;language=dflt;+tlig;+pnum;+onum;+smcp;"
(fontspec)             - 'bold italic' (b/it) with NFSS spec.:
(fontspec)             <->s*[.85]"[FiraSans-BoldItalic.otf]:mode=node;script=la
tn;language=dflt;+tlig;+pnum;+onum;"
(fontspec)             - 'bold italic small caps'  (b/scit) with NFSS spec.:
(fontspec)             <->s*[.85]"[FiraSans-BoldItalic.otf]:mode=node;script=la
tn;language=dflt;+tlig;+pnum;+onum;+smcp;"


Package fontspec Info: 
(fontspec)             FiraSans-Medium scale = .85.


Package fontspec Info: 
(fontspec)             FiraSans-Medium scale = .85.


Package fontspec Info: 
(fontspec)             FiraSans-Medium scale = .85.


Package fontspec Info: 
(fontspec)             FiraSans-Bold scale = .85.


Package fontspec Info: 
(fontspec)             FiraSans-Bold scale = .85.


Package fontspec Info: 
(fontspec)             FiraSans-MediumItalic scale = .85.


Package fontspec Info: 
(fontspec)             FiraSans-MediumItalic scale = .85.


Package fontspec Info: 
(fontspec)             FiraSans-BoldItalic scale = .85.


Package fontspec Info: 
(fontspec)             FiraSans-BoldItalic scale = .85.


Package fontspec Info: 
(fontspec)             Font family 'FiraSans(8)' created for font 'FiraSans'
(fontspec)             with options [Ligatures = TeX,Scale = .85,Extension =
(fontspec)             .otf,Numbers = {Proportional,OldStyle},UprightFont =
(fontspec)             *-Medium,ItalicFont = *-MediumItalic,BoldFont =
(fontspec)             *-Bold,BoldItalicFont = *-BoldItalic].
(fontspec)              
(fontspec)              This font family consists of the following NFSS
(fontspec)             series/shapes:
(fontspec)              
(fontspec)             - 'normal' (m/n) with NFSS spec.:
(fontspec)             <->s*[.85]"[FiraSans-Medium.otf]:mode=node;script=latn;l
anguage=dflt;+tlig;+pnum;+onum;"
(fontspec)             - 'small caps'  (m/sc) with NFSS spec.:
(fontspec)             <->s*[.85]"[FiraSans-Medium.otf]:mode=node;script=latn;l
anguage=dflt;+tlig;+pnum;+onum;+smcp;"
(fontspec)             - 'bold' (b/n) with NFSS spec.:
(fontspec)             <->s*[.85]"[FiraSans-Bold.otf]:mode=node;script=latn;lan
guage=dflt;+tlig;+pnum;+onum;"
(fontspec)             - 'bold small caps'  (b/sc) with NFSS spec.:
(fontspec)             <->s*[.85]"[FiraSans-Bold.otf]:mode=node;script=latn;lan
guage=dflt;+tlig;+pnum;+onum;+smcp;"
(fontspec)             - 'italic' (m/it) with NFSS spec.:
(fontspec)             <->s*[.85]"[FiraSans-MediumItalic.otf]:mode=node;script=
latn;language=dflt;+tlig;+pnum;+onum;"
(fontspec)             - 'italic small caps'  (m/scit) with NFSS spec.:
(fontspec)             <->s*[.85]"[FiraSans-MediumItalic.otf]:mode=node;script=
latn;language=dflt;+tlig;+pnum;+onum;+smcp;"
(fontspec)             - 'bold italic' (b/it) with NFSS spec.:
(fontspec)             <->s*[.85]"[FiraSans-BoldItalic.otf]:mode=node;script=la
tn;language=dflt;+tlig;+pnum;+onum;"
(fontspec)             - 'bold italic small caps'  (b/scit) with NFSS spec.:
(fontspec)             <->s*[.85]"[FiraSans-BoldItalic.otf]:mode=node;script=la
tn;language=dflt;+tlig;+pnum;+onum;+smcp;"


Package fontspec Info: 
(fontspec)             FiraSans-Book scale = .85.


Package fontspec Info: 
(fontspec)             FiraSans-Book scale = .85.


Package fontspec Info: 
(fontspec)             FiraSans-Book scale = .85.


Package fontspec Info: 
(fontspec)             FiraSans-Bold scale = .85.


Package fontspec Info: 
(fontspec)             FiraSans-Bold scale = .85.


Package fontspec Info: 
(fontspec)             FiraSans-BookItalic scale = .85.


Package fontspec Info: 
(fontspec)             FiraSans-BookItalic scale = .85.


Package fontspec Info: 
(fontspec)             FiraSans-BoldItalic scale = .85.


Package fontspec Info: 
(fontspec)             FiraSans-BoldItalic scale = .85.


Package fontspec Info: 
(fontspec)             Font family 'FiraSans(9)' created for font 'FiraSans'
(fontspec)             with options [Ligatures = TeX,Scale = .85,Extension =
(fontspec)             .otf,Numbers = {Proportional,OldStyle},UprightFont =
(fontspec)             *-Book,ItalicFont = *-BookItalic,BoldFont =
(fontspec)             *-Bold,BoldItalicFont = *-BoldItalic].
(fontspec)              
(fontspec)              This font family consists of the following NFSS
(fontspec)             series/shapes:
(fontspec)              
(fontspec)             - 'normal' (m/n) with NFSS spec.:
(fontspec)             <->s*[.85]"[FiraSans-Book.otf]:mode=node;script=latn;lan
guage=dflt;+tlig;+pnum;+onum;"
(fontspec)             - 'small caps'  (m/sc) with NFSS spec.:
(fontspec)             <->s*[.85]"[FiraSans-Book.otf]:mode=node;script=latn;lan
guage=dflt;+tlig;+pnum;+onum;+smcp;"
(fontspec)             - 'bold' (b/n) with NFSS spec.:
(fontspec)             <->s*[.85]"[FiraSans-Bold.otf]:mode=node;script=latn;lan
guage=dflt;+tlig;+pnum;+onum;"
(fontspec)             - 'bold small caps'  (b/sc) with NFSS spec.:
(fontspec)             <->s*[.85]"[FiraSans-Bold.otf]:mode=node;script=latn;lan
guage=dflt;+tlig;+pnum;+onum;+smcp;"
(fontspec)             - 'italic' (m/it) with NFSS spec.:
(fontspec)             <->s*[.85]"[FiraSans-BookItalic.otf]:mode=node;script=la
tn;language=dflt;+tlig;+pnum;+onum;"
(fontspec)             - 'italic small caps'  (m/scit) with NFSS spec.:
(fontspec)             <->s*[.85]"[FiraSans-BookItalic.otf]:mode=node;script=la
tn;language=dflt;+tlig;+pnum;+onum;+smcp;"
(fontspec)             - 'bold italic' (b/it) with NFSS spec.:
(fontspec)             <->s*[.85]"[FiraSans-BoldItalic.otf]:mode=node;script=la
tn;language=dflt;+tlig;+pnum;+onum;"
(fontspec)             - 'bold italic small caps'  (b/scit) with NFSS spec.:
(fontspec)             <->s*[.85]"[FiraSans-BoldItalic.otf]:mode=node;script=la
tn;language=dflt;+tlig;+pnum;+onum;+smcp;"


Package fontspec Info: 
(fontspec)             FiraSans-SemiBold scale = .85.


Package fontspec Info: 
(fontspec)             FiraSans-SemiBold scale = .85.


Package fontspec Info: 
(fontspec)             FiraSans-SemiBold scale = .85.


Package fontspec Info: 
(fontspec)             FiraSans-SemiBoldItalic scale = .85.


Package fontspec Info: 
(fontspec)             FiraSans-SemiBoldItalic scale = .85.


Package fontspec Info: 
(fontspec)             Font family 'FiraSans(10)' created for font 'FiraSans'
(fontspec)             with options [Ligatures = TeX,Scale = .85,Extension =
(fontspec)             .otf,Numbers = {Proportional,OldStyle},UprightFont =
(fontspec)             *-SemiBold,ItalicFont = *-SemiBoldItalic].
(fontspec)              
(fontspec)              This font family consists of the following NFSS
(fontspec)             series/shapes:
(fontspec)              
(fontspec)             - 'normal' (m/n) with NFSS spec.:
(fontspec)             <->s*[.85]"[FiraSans-SemiBold.otf]:mode=node;script=latn
;language=dflt;+tlig;+pnum;+onum;"
(fontspec)             - 'small caps'  (m/sc) with NFSS spec.:
(fontspec)             <->s*[.85]"[FiraSans-SemiBold.otf]:mode=node;script=latn
;language=dflt;+tlig;+pnum;+onum;+smcp;"
(fontspec)             - 'italic' (m/it) with NFSS spec.:
(fontspec)             <->s*[.85]"[FiraSans-SemiBoldItalic.otf]:mode=node;scrip
t=latn;language=dflt;+tlig;+pnum;+onum;"
(fontspec)             - 'italic small caps'  (m/scit) with NFSS spec.:
(fontspec)             <->s*[.85]"[FiraSans-SemiBoldItalic.otf]:mode=node;scrip
t=latn;language=dflt;+tlig;+pnum;+onum;+smcp;"


Package fontspec Info: 
(fontspec)             FiraSans-ExtraBold scale = .85.


Package fontspec Info: 
(fontspec)             FiraSans-ExtraBold scale = .85.


Package fontspec Info: 
(fontspec)             FiraSans-ExtraBold scale = .85.


Package fontspec Info: 
(fontspec)             FiraSans-ExtraBoldItalic scale = .85.


Package fontspec Info: 
(fontspec)             FiraSans-ExtraBoldItalic scale = .85.


Package fontspec Info: 
(fontspec)             Font family 'FiraSans(11)' created for font 'FiraSans'
(fontspec)             with options [Ligatures = TeX,Scale = .85,Extension =
(fontspec)             .otf,Numbers = {Proportional,OldStyle},UprightFont =
(fontspec)             *-ExtraBold,ItalicFont = *-ExtraBoldItalic].
(fontspec)              
(fontspec)              This font family consists of the following NFSS
(fontspec)             series/shapes:
(fontspec)              
(fontspec)             - 'normal' (m/n) with NFSS spec.:
(fontspec)             <->s*[.85]"[FiraSans-ExtraBold.otf]:mode=node;script=lat
n;language=dflt;+tlig;+pnum;+onum;"
(fontspec)             - 'small caps'  (m/sc) with NFSS spec.:
(fontspec)             <->s*[.85]"[FiraSans-ExtraBold.otf]:mode=node;script=lat
n;language=dflt;+tlig;+pnum;+onum;+smcp;"
(fontspec)             - 'italic' (m/it) with NFSS spec.:
(fontspec)             <->s*[.85]"[FiraSans-ExtraBoldItalic.otf]:mode=node;scri
pt=latn;language=dflt;+tlig;+pnum;+onum;"
(fontspec)             - 'italic small caps'  (m/scit) with NFSS spec.:
(fontspec)             <->s*[.85]"[FiraSans-ExtraBoldItalic.otf]:mode=node;scri
pt=latn;language=dflt;+tlig;+pnum;+onum;+smcp;"


Package fontspec Info: 
(fontspec)             FiraSans-Heavy scale = .85.


Package fontspec Info: 
(fontspec)             FiraSans-Heavy scale = .85.


Package fontspec Info: 
(fontspec)             FiraSans-Heavy scale = .85.


Package fontspec Info: 
(fontspec)             FiraSans-HeavyItalic scale = .85.


Package fontspec Info: 
(fontspec)             FiraSans-HeavyItalic scale = .85.


Package fontspec Info: 
(fontspec)             Font family 'FiraSans(12)' created for font 'FiraSans'
(fontspec)             with options [Ligatures = TeX,Scale = .85,Extension =
(fontspec)             .otf,Numbers = {Proportional,OldStyle},UprightFont =
(fontspec)             *-Heavy,ItalicFont = *-HeavyItalic].
(fontspec)              
(fontspec)              This font family consists of the following NFSS
(fontspec)             series/shapes:
(fontspec)              
(fontspec)             - 'normal' (m/n) with NFSS spec.:
(fontspec)             <->s*[.85]"[FiraSans-Heavy.otf]:mode=node;script=latn;la
nguage=dflt;+tlig;+pnum;+onum;"
(fontspec)             - 'small caps'  (m/sc) with NFSS spec.:
(fontspec)             <->s*[.85]"[FiraSans-Heavy.otf]:mode=node;script=latn;la
nguage=dflt;+tlig;+pnum;+onum;+smcp;"
(fontspec)             - 'italic' (m/it) with NFSS spec.:
(fontspec)             <->s*[.85]"[FiraSans-HeavyItalic.otf]:mode=node;script=l
atn;language=dflt;+tlig;+pnum;+onum;"
(fontspec)             - 'italic small caps'  (m/scit) with NFSS spec.:
(fontspec)             <->s*[.85]"[FiraSans-HeavyItalic.otf]:mode=node;script=l
atn;language=dflt;+tlig;+pnum;+onum;+smcp;"

) (C:/Users/gener/AppData/Local/Programs/MiKTeX/tex/latex/psnfss/mathpazo.sty
Package: mathpazo 2020/03/25 PSNFSS-v9.3 Palatino w/ Pazo Math (D.Puga, WaS) 
\symupright=\mathgroup6
) (C:/Users/gener/AppData/Local/Programs/MiKTeX/tex/latex/listings/listings.sty
\lst@mode=\count390
\lst@gtempboxa=\box132
\lst@token=\toks52
\lst@length=\count391
\lst@currlwidth=\dimen329
\lst@column=\count392
\lst@pos=\count393
\lst@lostspace=\dimen330
\lst@width=\dimen331
\lst@newlines=\count394
\lst@lineno=\count395
\lst@maxwidth=\dimen332
(C:/Users/gener/AppData/Local/Programs/MiKTeX/tex/latex/listings/lstpatch.sty
File: lstpatch.sty 2024/09/23 1.10c (Carsten Heinz)
)
(C:/Users/gener/AppData/Local/Programs/MiKTeX/tex/latex/listings/lstmisc.sty
File: lstmisc.sty 2024/09/23 1.10c (Carsten Heinz)
\c@lstnumber=\count396
\lst@skipnumbers=\count397
\lst@framebox=\box133
)
(C:/Users/gener/AppData/Local/Programs/MiKTeX/tex/latex/listings/listings.cfg
File: listings.cfg 2024/09/23 1.10c listings configuration
))
Package: listings 2024/09/23 1.10c (Carsten Heinz)
\c@question=\count398
(./lecture12.aux)
\openout1 = lecture12.aux

LaTeX Font Info:    Checking defaults for OML/cmm/m/it on input line 170.
LaTeX Font Info:    ... okay on input line 170.
LaTeX Font Info:    Checking defaults for OMS/cmsy/m/n on input line 170.
LaTeX Font Info:    ... okay on input line 170.
LaTeX Font Info:    Checking defaults for OT1/cmr/m/n on input line 170.
LaTeX Font Info:    ... okay on input line 170.
LaTeX Font Info:    Checking defaults for T1/cmr/m/n on input line 170.
LaTeX Font Info:    ... okay on input line 170.
LaTeX Font Info:    Checking defaults for TS1/cmr/m/n on input line 170.
LaTeX Font Info:    ... okay on input line 170.
LaTeX Font Info:    Checking defaults for TU/lmr/m/n on input line 170.
LaTeX Font Info:    ... okay on input line 170.
LaTeX Font Info:    Checking defaults for OMX/cmex/m/n on input line 170.
LaTeX Font Info:    ... okay on input line 170.
LaTeX Font Info:    Checking defaults for U/cmr/m/n on input line 170.
LaTeX Font Info:    ... okay on input line 170.
LaTeX Font Info:    Checking defaults for PD1/pdf/m/n on input line 170.
LaTeX Font Info:    ... okay on input line 170.
LaTeX Font Info:    Checking defaults for PU/pdf/m/n on input line 170.
LaTeX Font Info:    ... okay on input line 170.

*geometry* driver: auto-detecting
*geometry* detected driver: luatex
*geometry* verbose mode - [ preamble ] result:
* driver: luatex
* paper: custom
* layout: <same size as paper>
* layoutoffset:(h,v)=(0.0pt,0.0pt)
* modes: includehead includefoot 
* h-part:(L,W,R)=(28.45274pt, 307.28987pt, 28.45274pt)
* v-part:(T,H,B)=(0.0pt, 273.14662pt, 0.0pt)
* \paperwidth=364.19536pt
* \paperheight=273.14662pt
* \textwidth=307.28987pt
* \textheight=244.6939pt
* \oddsidemargin=-43.81725pt
* \evensidemargin=-43.81725pt
* \topmargin=-72.26999pt
* \headheight=14.22636pt
* \headsep=0.0pt
* \topskip=11.0pt
* \footskip=14.22636pt
* \marginparwidth=4.0pt
* \marginparsep=10.0pt
* \columnsep=10.0pt
* \skip\footins=10.0pt plus 4.0pt minus 2.0pt
* \hoffset=0.0pt
* \voffset=0.0pt
* \mag=1000
* \@twocolumnfalse
* \@twosidefalse
* \@mparswitchfalse
* \@reversemarginfalse
* (1in=72.27pt=25.4mm, 1cm=28.453pt)


(C:/Users/gener/AppData/Local/Programs/MiKTeX/tex/context/base/mkii/supp-pdf.mk
ii
[Loading MPS to PDF converter (version 2006.09.02).]
\scratchcounter=\count399
\scratchdimen=\dimen333
\scratchbox=\box134
\nofMPsegments=\count400
\nofMParguments=\count401
\everyMPshowfont=\toks53
\MPscratchCnt=\count402
\MPscratchDim=\dimen334
\MPnumerator=\count403
\makeMPintoPDFobject=\count404
\everyMPtoPDFconversion=\toks54
)
(C:/Users/gener/AppData/Local/Programs/MiKTeX/tex/latex/epstopdf-pkg/epstopdf-b
ase.sty
Package: epstopdf-base 2020-01-24 v2.11 Base part for package epstopdf
Package epstopdf-base Info: Redefining graphics rule for `.eps' on input line 4
85.

(C:/Users/gener/AppData/Local/Programs/MiKTeX/tex/latex/00miktex/epstopdf-sys.c
fg
File: epstopdf-sys.cfg 2021/03/18 v2.0 Configuration of epstopdf for MiKTeX
))
Package hyperref Info: Link coloring ON on input line 170.
 (./lecture12.out) (./lecture12.out)
\@outlinefile=\write5

\openout5 = lecture12.out
LaTeX Font Info:    Overwriting symbol font `operators' in version `normal'
(Font)                  OT1/ppl/m/n --> OT1/cmss/m/n on input line 170.
LaTeX Font Info:    Overwriting symbol font `operators' in version `bold'
(Font)                  OT1/ppl/b/n --> OT1/cmss/b/n on input line 170.
\symnumbers=\mathgroup7
\sympureletters=\mathgroup8
LaTeX Font Info:    Overwriting math alphabet `\mathrm' in version `normal'
(Font)                  OT1/cmss/m/n --> TU/ppl/m/n on input line 170.
LaTeX Font Info:    Redeclaring math alphabet \mathbf on input line 170.
LaTeX Font Info:    Overwriting math alphabet `\mathbf' in version `normal'
(Font)                  OT1/zplm/b/n --> TU/FiraSans(0)/b/n on input line 170.
LaTeX Font Info:    Overwriting math alphabet `\mathbf' in version `bold'
(Font)                  OT1/zplm/b/n --> TU/FiraSans(0)/b/n on input line 170.
LaTeX Font Info:    Redeclaring math alphabet \mathsf on input line 170.
LaTeX Font Info:    Overwriting math alphabet `\mathsf' in version `normal'
(Font)                  OT1/cmss/m/n --> TU/FiraSans(0)/m/n on input line 170.
LaTeX Font Info:    Overwriting math alphabet `\mathsf' in version `bold'
(Font)                  OT1/cmss/bx/n --> TU/FiraSans(0)/m/n on input line 170.

LaTeX Font Info:    Redeclaring math alphabet \mathit on input line 170.
LaTeX Font Info:    Overwriting math alphabet `\mathit' in version `normal'
(Font)                  OT1/ppl/m/it --> TU/FiraSans(0)/m/it on input line 170.

LaTeX Font Info:    Overwriting math alphabet `\mathit' in version `bold'
(Font)                  OT1/ppl/b/it --> TU/FiraSans(0)/m/it on input line 170.

LaTeX Font Info:    Redeclaring math alphabet \mathtt on input line 170.
LaTeX Font Info:    Overwriting math alphabet `\mathtt' in version `normal'
(Font)                  OT1/cmtt/m/n --> TU/lmtt/m/n on input line 170.
LaTeX Font Info:    Overwriting math alphabet `\mathtt' in version `bold'
(Font)                  OT1/cmtt/m/n --> TU/lmtt/m/n on input line 170.
LaTeX Font Info:    Overwriting symbol font `numbers' in version `bold'
(Font)                  TU/FiraSans(0)/m/n --> TU/FiraSans(0)/b/n on input line
 170.
LaTeX Font Info:    Overwriting symbol font `pureletters' in version `bold'
(Font)                  TU/FiraSans(0)/m/it --> TU/FiraSans(0)/b/it on input li
ne 170.
LaTeX Font Info:    Overwriting math alphabet `\mathrm' in version `bold'
(Font)                  OT1/cmss/b/n --> TU/ppl/b/n on input line 170.
LaTeX Font Info:    Overwriting math alphabet `\mathbf' in version `bold'
(Font)                  TU/FiraSans(0)/b/n --> TU/FiraSans(0)/b/n on input line
 170.
LaTeX Font Info:    Overwriting math alphabet `\mathsf' in version `bold'
(Font)                  TU/FiraSans(0)/m/n --> TU/FiraSans(0)/b/n on input line
 170.
LaTeX Font Info:    Overwriting math alphabet `\mathit' in version `bold'
(Font)                  TU/FiraSans(0)/m/it --> TU/FiraSans(0)/b/it on input li
ne 170.
LaTeX Font Info:    Overwriting math alphabet `\mathtt' in version `bold'
(Font)                  TU/lmtt/m/n --> TU/lmtt/b/n on input line 170.

(C:/Users/gener/AppData/Local/Programs/MiKTeX/tex/latex/translator/translator-b
asic-dictionary-English.dict
Dictionary: translator-basic-dictionary, Language: English 
)
(C:/Users/gener/AppData/Local/Programs/MiKTeX/tex/latex/translator/translator-b
ibliography-dictionary-English.dict
Dictionary: translator-bibliography-dictionary, Language: English 
)
(C:/Users/gener/AppData/Local/Programs/MiKTeX/tex/latex/translator/translator-e
nvironment-dictionary-English.dict
Dictionary: translator-environment-dictionary, Language: English 
)
(C:/Users/gener/AppData/Local/Programs/MiKTeX/tex/latex/translator/translator-m
onths-dictionary-English.dict
Dictionary: translator-months-dictionary, Language: English 
)
(C:/Users/gener/AppData/Local/Programs/MiKTeX/tex/latex/translator/translator-n
umbers-dictionary-English.dict
Dictionary: translator-numbers-dictionary, Language: English 
)
(C:/Users/gener/AppData/Local/Programs/MiKTeX/tex/latex/translator/translator-t
heorem-dictionary-English.dict
Dictionary: translator-theorem-dictionary, Language: English 
)
\c@lstlisting=\count405
 (./lecture12.nav)
LaTeX Font Info:    Font shape `TU/FiraSans(0)/m/n' will be
(Font)              scaled to size 5.10004pt on input line 170.
LaTeX Font Info:    Font shape `TU/FiraSans(0)/m/n' will be
(Font)              scaled to size 12.24008pt on input line 174.
LaTeX Font Info:    Font shape `TU/FiraSans(0)/m/n' will be
(Font)              scaled to size 6.80005pt on input line 174.


LaTeX Font Info:    Font shape `TU/FiraSans(0)/m/n' will be
(Font)              scaled to size 3.40002pt on input line 174.
[1

{C:/Users/gener/AppData/Local/MiKTeX/fonts/map/pdftex/pdftex.map}]
(./lecture12.toc)

[2

] (./lecture12.toc)

[3

] (./lecture12.toc)

[4

]
LaTeX Font Info:    Trying to load font information for OML+zplm on input line 
198.
 (C:/Users/gener/AppData/Local/Programs/MiKTeX/tex/latex/psnfss/omlzplm.fd
File: omlzplm.fd 2002/09/08 Fontinst v1.914 font definitions for OML/zplm.
)
LaTeX Font Info:    Trying to load font information for OMS+zplm on input line 
198.

(C:/Users/gener/AppData/Local/Programs/MiKTeX/tex/latex/psnfss/omszplm.fd
File: omszplm.fd 2002/09/08 Fontinst v1.914 font definitions for OMS/zplm.
)
LaTeX Font Info:    Trying to load font information for OMX+zplm on input line 
198.

(C:/Users/gener/AppData/Local/Programs/MiKTeX/tex/latex/psnfss/omxzplm.fd
File: omxzplm.fd 2002/09/08 Fontinst v1.914 font definitions for OMX/zplm.
)
LaTeX Font Info:    Font shape `U/msa/m/n' will be
(Font)              scaled to size 11.40997pt on input line 198.
LaTeX Font Info:    Font shape `U/msa/m/n' will be
(Font)              scaled to size 8.33606pt on input line 198.
LaTeX Font Info:    Font shape `U/msa/m/n' will be
(Font)              scaled to size 6.25204pt on input line 198.
LaTeX Font Info:    Font shape `U/msb/m/n' will be
(Font)              scaled to size 11.40997pt on input line 198.
LaTeX Font Info:    Font shape `U/msb/m/n' will be
(Font)              scaled to size 8.33606pt on input line 198.
LaTeX Font Info:    Font shape `U/msb/m/n' will be
(Font)              scaled to size 6.25204pt on input line 198.
LaTeX Font Info:    Trying to load font information for OT1+zplm on input line 
198.

(C:/Users/gener/AppData/Local/Programs/MiKTeX/tex/latex/psnfss/ot1zplm.fd
File: ot1zplm.fd 2002/09/08 Fontinst v1.914 font definitions for OT1/zplm.
)
LaTeX Font Info:    Font shape `TU/FiraSans(0)/m/it' will be
(Font)              scaled to size 9.30756pt on input line 198.
LaTeX Font Info:    Font shape `TU/FiraSans(0)/m/it' will be
(Font)              scaled to size 6.80005pt on input line 198.
LaTeX Font Info:    Font shape `TU/FiraSans(0)/m/it' will be
(Font)              scaled to size 5.10004pt on input line 198.
LaTeX Font Info:    Trying to load font information for U+fplmbb on input line 
198.

(C:/Users/gener/AppData/Local/Programs/MiKTeX/tex/latex/psnfss/ufplmbb.fd
File: ufplmbb.fd 2003/10/30 Fontinst v1.914 font definitions for U/fplmbb.
)
LaTeX Font Info:    Font shape `TU/FiraSans(0)/m/n' will be
(Font)              scaled to size 8.50006pt on input line 198.


LaTeX Font Warning: Command \scriptsize invalid in math mode on input line 198.


LaTeX Font Info:    Font shape `U/msa/m/n' will be
(Font)              scaled to size 5.21004pt on input line 198.
LaTeX Font Info:    Font shape `U/msb/m/n' will be
(Font)              scaled to size 5.21004pt on input line 198.
LaTeX Font Info:    Font shape `TU/FiraSans(0)/m/n' will be
(Font)              scaled to size 4.25003pt on input line 198.
LaTeX Font Info:    Font shape `TU/FiraSans(0)/m/it' will be
(Font)              scaled to size 4.25003pt on input line 198.

LaTeX Font Warning: Command \scriptsize invalid in math mode on input line 198.


LaTeX Font Info:    Font shape `TU/FiraSans(0)/b/n' will be
(Font)              scaled to size 9.30756pt on input line 198.
LaTeX Font Info:    Font shape `TU/FiraSans(0)/b/n' will be
(Font)              scaled to size 6.80005pt on input line 198.
LaTeX Font Info:    Font shape `TU/FiraSans(0)/b/n' will be
(Font)              scaled to size 5.10004pt on input line 198.

LaTeX Font Warning: Command \scriptsize invalid in math mode on input line 198.


LaTeX Font Info:    Font shape `TU/FiraSans(0)/b/n' will be
(Font)              scaled to size 4.25003pt on input line 198.
<../../Images/ex2_data_halfspaceH.png, id=67, 488.82625pt x 331.2375pt>
File: ../../Images/ex2_data_halfspaceH.png Graphic file (type png)
<use ../../Images/ex2_data_halfspaceH.png>
Package luatex.def Info: ../../Images/ex2_data_halfspaceH.png  used on input li
ne 198.
(luatex.def)             Requested size: 119.15558pt x 80.7448pt.


[5

<../../Images/ex2_data_halfspaceH.png>]
<../../Images/marginHalfspace.png, id=83, 512.66531pt x 307.90031pt>
File: ../../Images/marginHalfspace.png Graphic file (type png)
<use ../../Images/marginHalfspace.png>
Package luatex.def Info: ../../Images/marginHalfspace.png  used on input line 2
17.
(luatex.def)             Requested size: 107.55333pt x 64.59518pt.








[6

<../../Images/marginHalfspace.png>]
File: ../../Images/marginHalfspace.png Graphic file (type png)
<use ../../Images/marginHalfspace.png>
Package luatex.def Info: ../../Images/marginHalfspace.png  used on input line 2
17.
(luatex.def)             Requested size: 107.55333pt x 64.59518pt.








[7

] (./lecture12.toc)

[8

] (./lecture12.toc)

[9

]
\tf@nav=\write6

\openout6 = lecture12.nav
\tf@toc=\write7

\openout7 = lecture12.toc
\tf@snm=\write8

\openout8 = lecture12.snm
 (./lecture12.aux)
 ***********
LaTeX2e <2025-06-01> patch level 1
L3 programming layer <2025-08-13>
 ***********
Package rerunfilecheck Info: File `lecture12.out' has not changed.
(rerunfilecheck)             Checksum: 73EDB6F0B3C521DFA8597EA38BA51314;880.
)

Here is how much of LuaTeX's memory you used:
 29996 strings out of 470117
 100000,1144653 words of node,token memory allocated
 3357 words of node memory still in use:
   29 hlist, 13 vlist, 5 rule, 15 disc, 6 local_par, 72 glue, 36 kern, 14 penalt
y, 139 glyph, 95 attribute, 64 glue_spec, 95 attribute_list, 4 write, 8 pdf_lite
ral, 4 pdf_start_link, 4 pdf_end_link, 4 pdf_action, 40 pdf_colorstack nodes
   avail lists: 2:339,3:133,4:154,5:401,6:16,7:2176,8:11,9:379,10:15,11:106
 57376 multiletter control sequences out of 65536+600000
 156 fonts using 32408471 bytes
 128i,11n,116p,379b,511s stack positions out of 10000i,1000n,20000p,200000b,200000s
<C:/Users/gener/AppData/Local/Programs/MiKTeX/fonts/opentype/public/fira/FiraSan
s-Bold.otf>{C:/Users/gener/AppData/Local/Programs/MiKTeX/fonts/enc/dvips/base/8r
.enc}<c:/users/gener/appdata/local/programs/miktex/fonts/opentype/public/lm/lmmo
no10-regular.otf><C:/Users/gener/AppData/Local/Programs/MiKTeX/fonts/opentype/pu
blic/fira/FiraSans-Italic.otf><C:/Users/gener/AppData/Local/Programs/MiKTeX/font
s/opentype/public/fira/FiraSans-Regular.otf><C:/Users/gener/AppData/Local/Progra
ms/MiKTeX/fonts/type1/public/amsfonts/cm/cmex10.pfb><C:/Users/gener/AppData/Loca
l/Programs/MiKTeX/fonts/type1/public/amsfonts/cm/cmr10.pfb><C:/Users/gener/AppDa
ta/Local/Programs/MiKTeX/fonts/type1/public/amsfonts/cm/cmss10.pfb><C:/Users/gen
er/AppData/Local/Programs/MiKTeX/fonts/type1/public/amsfonts/cm/cmss8.pfb><C:/Us
ers/gener/AppData/Local/Programs/MiKTeX/fonts/type1/public/amsfonts/cm/cmsy10.pf
b><C:/Users/gener/AppData/Local/Programs/MiKTeX/fonts/type1/public/mathpazo/fplm
bb.pfb><C:/Users/gener/AppData/Local/Programs/MiKTeX/fonts/type1/urw/palatino/up
lr8a.pfb>
Output written on lecture12.pdf (9 pages, 111756 bytes).

PDF statistics: 164 PDF objects out of 1000 (max. 8388607)
 23 named destinations out of 1000 (max. 131072)
 48 words of extra memory for PDF output out of 10000 (max. 100000000)

